..\login-server.ilk
..\login-server.pdb
D:\Archivo de Programa\Creacion de Ragnarok\3CeAM r731 2012-04-10\3CeAM r731 2012-04-10\Emulador3Ceam\vcproj-10\..\login-server.exe
D:\Archivo de Programa\Creacion de Ragnarok\3CeAM r731 2012-04-10\3CeAM r731 2012-04-10\Emulador3Ceam\vcproj-10\login-server_txt\Debug\account_txt.obj
D:\Archivo de Programa\Creacion de Ragnarok\3CeAM r731 2012-04-10\3CeAM r731 2012-04-10\Emulador3Ceam\vcproj-10\login-server_txt\Debug\cl.command.1.tlog
D:\Archivo de Programa\Creacion de Ragnarok\3CeAM r731 2012-04-10\3CeAM r731 2012-04-10\Emulador3Ceam\vcproj-10\login-server_txt\Debug\CL.read.1.tlog
D:\Archivo de Programa\Creacion de Ragnarok\3CeAM r731 2012-04-10\3CeAM r731 2012-04-10\Emulador3Ceam\vcproj-10\login-server_txt\Debug\CL.write.1.tlog
D:\Archivo de Programa\Creacion de Ragnarok\3CeAM r731 2012-04-10\3CeAM r731 2012-04-10\Emulador3Ceam\vcproj-10\login-server_txt\Debug\core.obj
D:\Archivo de Programa\Creacion de Ragnarok\3CeAM r731 2012-04-10\3CeAM r731 2012-04-10\Emulador3Ceam\vcproj-10\login-server_txt\Debug\db.obj
D:\Archivo de Programa\Creacion de Ragnarok\3CeAM r731 2012-04-10\3CeAM r731 2012-04-10\Emulador3Ceam\vcproj-10\login-server_txt\Debug\ers.obj
D:\Archivo de Programa\Creacion de Ragnarok\3CeAM r731 2012-04-10\3CeAM r731 2012-04-10\Emulador3Ceam\vcproj-10\login-server_txt\Debug\ipban_txt.obj
D:\Archivo de Programa\Creacion de Ragnarok\3CeAM r731 2012-04-10\3CeAM r731 2012-04-10\Emulador3Ceam\vcproj-10\login-server_txt\Debug\link.3704.read.1.tlog
D:\Archivo de Programa\Creacion de Ragnarok\3CeAM r731 2012-04-10\3CeAM r731 2012-04-10\Emulador3Ceam\vcproj-10\login-server_txt\Debug\link.3704.write.1.tlog
D:\Archivo de Programa\Creacion de Ragnarok\3CeAM r731 2012-04-10\3CeAM r731 2012-04-10\Emulador3Ceam\vcproj-10\login-server_txt\Debug\link.3704-cvtres.read.1.tlog
D:\Archivo de Programa\Creacion de Ragnarok\3CeAM r731 2012-04-10\3CeAM r731 2012-04-10\Emulador3Ceam\vcproj-10\login-server_txt\Debug\link.3704-cvtres.write.1.tlog
D:\Archivo de Programa\Creacion de Ragnarok\3CeAM r731 2012-04-10\3CeAM r731 2012-04-10\Emulador3Ceam\vcproj-10\login-server_txt\Debug\link.command.1.tlog
D:\Archivo de Programa\Creacion de Ragnarok\3CeAM r731 2012-04-10\3CeAM r731 2012-04-10\Emulador3Ceam\vcproj-10\login-server_txt\Debug\link.read.1.tlog
D:\Archivo de Programa\Creacion de Ragnarok\3CeAM r731 2012-04-10\3CeAM r731 2012-04-10\Emulador3Ceam\vcproj-10\login-server_txt\Debug\link.write.1.tlog
D:\Archivo de Programa\Creacion de Ragnarok\3CeAM r731 2012-04-10\3CeAM r731 2012-04-10\Emulador3Ceam\vcproj-10\login-server_txt\Debug\link-cvtres.read.1.tlog
D:\Archivo de Programa\Creacion de Ragnarok\3CeAM r731 2012-04-10\3CeAM r731 2012-04-10\Emulador3Ceam\vcproj-10\login-server_txt\Debug\link-cvtres.write.1.tlog
D:\Archivo de Programa\Creacion de Ragnarok\3CeAM r731 2012-04-10\3CeAM r731 2012-04-10\Emulador3Ceam\vcproj-10\login-server_txt\Debug\lock.obj
D:\Archivo de Programa\Creacion de Ragnarok\3CeAM r731 2012-04-10\3CeAM r731 2012-04-10\Emulador3Ceam\vcproj-10\login-server_txt\Debug\login.obj
D:\Archivo de Programa\Creacion de Ragnarok\3CeAM r731 2012-04-10\3CeAM r731 2012-04-10\Emulador3Ceam\vcproj-10\login-server_txt\Debug\loginlog_txt.obj
D:\Archivo de Programa\Creacion de Ragnarok\3CeAM r731 2012-04-10\3CeAM r731 2012-04-10\Emulador3Ceam\vcproj-10\login-server_txt\Debug\login-server.exe.embed.manifest
D:\Archivo de Programa\Creacion de Ragnarok\3CeAM r731 2012-04-10\3CeAM r731 2012-04-10\Emulador3Ceam\vcproj-10\login-server_txt\Debug\login-server.exe.embed.manifest.res
D:\Archivo de Programa\Creacion de Ragnarok\3CeAM r731 2012-04-10\3CeAM r731 2012-04-10\Emulador3Ceam\vcproj-10\login-server_txt\Debug\login-server.exe.intermediate.manifest
D:\Archivo de Programa\Creacion de Ragnarok\3CeAM r731 2012-04-10\3CeAM r731 2012-04-10\Emulador3Ceam\vcproj-10\login-server_txt\Debug\login-server_manifest.rc
D:\Archivo de Programa\Creacion de Ragnarok\3CeAM r731 2012-04-10\3CeAM r731 2012-04-10\Emulador3Ceam\vcproj-10\login-server_txt\Debug\malloc.obj
D:\Archivo de Programa\Creacion de Ragnarok\3CeAM r731 2012-04-10\3CeAM r731 2012-04-10\Emulador3Ceam\vcproj-10\login-server_txt\Debug\md5calc.obj
D:\Archivo de Programa\Creacion de Ragnarok\3CeAM r731 2012-04-10\3CeAM r731 2012-04-10\Emulador3Ceam\vcproj-10\login-server_txt\Debug\mt.command.1.tlog
D:\Archivo de Programa\Creacion de Ragnarok\3CeAM r731 2012-04-10\3CeAM r731 2012-04-10\Emulador3Ceam\vcproj-10\login-server_txt\Debug\mt.read.1.tlog
D:\Archivo de Programa\Creacion de Ragnarok\3CeAM r731 2012-04-10\3CeAM r731 2012-04-10\Emulador3Ceam\vcproj-10\login-server_txt\Debug\mt.write.1.tlog
D:\Archivo de Programa\Creacion de Ragnarok\3CeAM r731 2012-04-10\3CeAM r731 2012-04-10\Emulador3Ceam\vcproj-10\login-server_txt\Debug\nullpo.obj
D:\Archivo de Programa\Creacion de Ragnarok\3CeAM r731 2012-04-10\3CeAM r731 2012-04-10\Emulador3Ceam\vcproj-10\login-server_txt\Debug\plugins.obj
D:\Archivo de Programa\Creacion de Ragnarok\3CeAM r731 2012-04-10\3CeAM r731 2012-04-10\Emulador3Ceam\vcproj-10\login-server_txt\Debug\rc.command.1.tlog
D:\Archivo de Programa\Creacion de Ragnarok\3CeAM r731 2012-04-10\3CeAM r731 2012-04-10\Emulador3Ceam\vcproj-10\login-server_txt\Debug\rc.read.1.tlog
D:\Archivo de Programa\Creacion de Ragnarok\3CeAM r731 2012-04-10\3CeAM r731 2012-04-10\Emulador3Ceam\vcproj-10\login-server_txt\Debug\rc.write.1.tlog
D:\Archivo de Programa\Creacion de Ragnarok\3CeAM r731 2012-04-10\3CeAM r731 2012-04-10\Emulador3Ceam\vcproj-10\login-server_txt\Debug\showmsg.obj
D:\Archivo de Programa\Creacion de Ragnarok\3CeAM r731 2012-04-10\3CeAM r731 2012-04-10\Emulador3Ceam\vcproj-10\login-server_txt\Debug\socket.obj
D:\Archivo de Programa\Creacion de Ragnarok\3CeAM r731 2012-04-10\3CeAM r731 2012-04-10\Emulador3Ceam\vcproj-10\login-server_txt\Debug\strlib.obj
D:\Archivo de Programa\Creacion de Ragnarok\3CeAM r731 2012-04-10\3CeAM r731 2012-04-10\Emulador3Ceam\vcproj-10\login-server_txt\Debug\timer.obj
D:\Archivo de Programa\Creacion de Ragnarok\3CeAM r731 2012-04-10\3CeAM r731 2012-04-10\Emulador3Ceam\vcproj-10\login-server_txt\Debug\utils.obj
D:\Archivo de Programa\Creacion de Ragnarok\3CeAM r731 2012-04-10\3CeAM r731 2012-04-10\Emulador3Ceam\vcproj-10\login-server_txt\Debug\vc100.idb
D:\Archivo de Programa\Creacion de Ragnarok\3CeAM r731 2012-04-10\3CeAM r731 2012-04-10\Emulador3Ceam\vcproj-10\login-server_txt\Debug\vc100.pdb
D:\ARCHIVO DE PROGRAMA\CREACION DE RAGNAROK\3CEAM R731 2012-04-10\3CEAM R731 2012-04-10\EXPORTED FILES\LOGIN-SERVER.EXE
D:\ARCHIVO DE PROGRAMA\CREACION DE RAGNAROK\3CEAM R731 2012-04-10\3CEAM R731 2012-04-10\EXPORTED FILES\LOGIN-SERVER.ILK
D:\ARCHIVO DE PROGRAMA\CREACION DE RAGNAROK\3CEAM R731 2012-04-10\3CEAM R731 2012-04-10\EXPORTED FILES\LOGIN-SERVER.PDB
D:\ARCHIVO DE PROGRAMA\CREACION DE RAGNAROK\3CEAM R731 2012-04-10\3CEAM R731 2012-04-10\EXPORTED FILES\VCPROJ-10\LOGIN-SERVER_TXT\DEBUG\ACCOUNT_TXT.OBJ
D:\ARCHIVO DE PROGRAMA\CREACION DE RAGNAROK\3CEAM R731 2012-04-10\3CEAM R731 2012-04-10\EXPORTED FILES\VCPROJ-10\LOGIN-SERVER_TXT\DEBUG\CORE.OBJ
D:\ARCHIVO DE PROGRAMA\CREACION DE RAGNAROK\3CEAM R731 2012-04-10\3CEAM R731 2012-04-10\EXPORTED FILES\VCPROJ-10\LOGIN-SERVER_TXT\DEBUG\DB.OBJ
D:\ARCHIVO DE PROGRAMA\CREACION DE RAGNAROK\3CEAM R731 2012-04-10\3CEAM R731 2012-04-10\EXPORTED FILES\VCPROJ-10\LOGIN-SERVER_TXT\DEBUG\ERS.OBJ
D:\ARCHIVO DE PROGRAMA\CREACION DE RAGNAROK\3CEAM R731 2012-04-10\3CEAM R731 2012-04-10\EXPORTED FILES\VCPROJ-10\LOGIN-SERVER_TXT\DEBUG\IPBAN_TXT.OBJ
D:\ARCHIVO DE PROGRAMA\CREACION DE RAGNAROK\3CEAM R731 2012-04-10\3CEAM R731 2012-04-10\EXPORTED FILES\VCPROJ-10\LOGIN-SERVER_TXT\DEBUG\LOCK.OBJ
D:\ARCHIVO DE PROGRAMA\CREACION DE RAGNAROK\3CEAM R731 2012-04-10\3CEAM R731 2012-04-10\EXPORTED FILES\VCPROJ-10\LOGIN-SERVER_TXT\DEBUG\LOGIN.OBJ
D:\ARCHIVO DE PROGRAMA\CREACION DE RAGNAROK\3CEAM R731 2012-04-10\3CEAM R731 2012-04-10\EXPORTED FILES\VCPROJ-10\LOGIN-SERVER_TXT\DEBUG\LOGINLOG_TXT.OBJ
D:\ARCHIVO DE PROGRAMA\CREACION DE RAGNAROK\3CEAM R731 2012-04-10\3CEAM R731 2012-04-10\EXPORTED FILES\VCPROJ-10\LOGIN-SERVER_TXT\DEBUG\LOGIN-SERVER.EXE.EMBED.MANIFEST
D:\ARCHIVO DE PROGRAMA\CREACION DE RAGNAROK\3CEAM R731 2012-04-10\3CEAM R731 2012-04-10\EXPORTED FILES\VCPROJ-10\LOGIN-SERVER_TXT\DEBUG\LOGIN-SERVER.EXE.EMBED.MANIFEST.RES
D:\ARCHIVO DE PROGRAMA\CREACION DE RAGNAROK\3CEAM R731 2012-04-10\3CEAM R731 2012-04-10\EXPORTED FILES\VCPROJ-10\LOGIN-SERVER_TXT\DEBUG\LOGIN-SERVER.EXE.INTERMEDIATE.MANIFEST
D:\ARCHIVO DE PROGRAMA\CREACION DE RAGNAROK\3CEAM R731 2012-04-10\3CEAM R731 2012-04-10\EXPORTED FILES\VCPROJ-10\LOGIN-SERVER_TXT\DEBUG\MALLOC.OBJ
D:\ARCHIVO DE PROGRAMA\CREACION DE RAGNAROK\3CEAM R731 2012-04-10\3CEAM R731 2012-04-10\EXPORTED FILES\VCPROJ-10\LOGIN-SERVER_TXT\DEBUG\MD5CALC.OBJ
D:\ARCHIVO DE PROGRAMA\CREACION DE RAGNAROK\3CEAM R731 2012-04-10\3CEAM R731 2012-04-10\EXPORTED FILES\VCPROJ-10\LOGIN-SERVER_TXT\DEBUG\NULLPO.OBJ
D:\ARCHIVO DE PROGRAMA\CREACION DE RAGNAROK\3CEAM R731 2012-04-10\3CEAM R731 2012-04-10\EXPORTED FILES\VCPROJ-10\LOGIN-SERVER_TXT\DEBUG\PLUGINS.OBJ
D:\ARCHIVO DE PROGRAMA\CREACION DE RAGNAROK\3CEAM R731 2012-04-10\3CEAM R731 2012-04-10\EXPORTED FILES\VCPROJ-10\LOGIN-SERVER_TXT\DEBUG\SHOWMSG.OBJ
D:\ARCHIVO DE PROGRAMA\CREACION DE RAGNAROK\3CEAM R731 2012-04-10\3CEAM R731 2012-04-10\EXPORTED FILES\VCPROJ-10\LOGIN-SERVER_TXT\DEBUG\SOCKET.OBJ
D:\ARCHIVO DE PROGRAMA\CREACION DE RAGNAROK\3CEAM R731 2012-04-10\3CEAM R731 2012-04-10\EXPORTED FILES\VCPROJ-10\LOGIN-SERVER_TXT\DEBUG\STRLIB.OBJ
D:\ARCHIVO DE PROGRAMA\CREACION DE RAGNAROK\3CEAM R731 2012-04-10\3CEAM R731 2012-04-10\EXPORTED FILES\VCPROJ-10\LOGIN-SERVER_TXT\DEBUG\TIMER.OBJ
D:\ARCHIVO DE PROGRAMA\CREACION DE RAGNAROK\3CEAM R731 2012-04-10\3CEAM R731 2012-04-10\EXPORTED FILES\VCPROJ-10\LOGIN-SERVER_TXT\DEBUG\UTILS.OBJ
D:\ARCHIVO DE PROGRAMA\CREACION DE RAGNAROK\3CEAM R731 2012-04-10\3CEAM R731 2012-04-10\EXPORTED FILES\VCPROJ-10\LOGIN-SERVER_TXT\DEBUG\VC100.PDB
