Compilación iniciada a las 01/01/2014 10:52:41 p.m..
     1>Proyecto "D:\Archivo de Programa\Creacion de Ragnarok\3CeAM r731 2012-04-10\3CeAM r731 2012-04-10\Emulador3Ceam\vcproj-10\txt-converter-char.vcxproj" en el nodo 2 (build destinos).
     1>InitializeBuildStatus:
         Se creará "txt-converter-char\Debug\txt-converter-char.unsuccessfulbuild" porque se especificó "AlwaysCreate".
       ClCompile:
         C:\Program Files\Microsoft Visual Studio 10.0\VC\bin\CL.exe /c /I..\3rdparty\mysql\include /I..\3rdparty\msinttypes\include /ZI /nologo /W3 /WX- /Od /Oy- /D WIN32 /D _WIN32 /D __WIN32 /D _DEBUG /D _CRT_SECURE_NO_DEPRECATE /D _CRT_NONSTDC_NO_DEPRECATE /D FD_SETSIZE=4096 /D DB_MANUAL_CAST_TO_UNION /D MINICORE /D TXT_SQL_CONVERT /D _VC80_UPGRADE=0x0710 /D _MBCS /Gm /RTC1 /MTd /GS /Gy /fp:precise /Zc:wchar_t /Zc:forScope /Fo"txt-converter-char\Debug\\" /Fd"txt-converter-char\Debug\vc100.pdb" /Gd /TC /analyze- /errorReport:prompt ..\src\char\char.c ..\src\char\int_guild.c ..\src\char\int_party.c ..\src\char\int_pet.c ..\src\char\int_storage.c ..\src\char\inter.c ..\src\common\core.c ..\src\common\ers.c ..\src\common\malloc.c ..\src\common\mapindex.c ..\src\common\showmsg.c ..\src\common\sql.c ..\src\common\strlib.c ..\src\common\timer.c ..\src\common\utils.c "..\src\txt-converter\char-converter.c"
         char-converter.c
         utils.c
         timer.c
         strlib.c
         sql.c
         showmsg.c
         mapindex.c
         malloc.c
         ers.c
         core.c
         inter.c
         int_storage.c
         int_pet.c
         int_party.c
         int_guild.c
         char.c
         Generando código...
         C:\Program Files\Microsoft Visual Studio 10.0\VC\bin\CL.exe /c /I..\3rdparty\mysql\include /I..\3rdparty\msinttypes\include /ZI /nologo /W3 /WX- /Od /Oy- /D WIN32 /D _WIN32 /D __WIN32 /D _DEBUG /D _CRT_SECURE_NO_DEPRECATE /D _CRT_NONSTDC_NO_DEPRECATE /D FD_SETSIZE=4096 /D DB_MANUAL_CAST_TO_UNION /D MINICORE /D TXT_SQL_CONVERT /D _VC80_UPGRADE=0x0710 /D _MBCS /Gm /RTC1 /MTd /GS /Gy /fp:precise /Zc:wchar_t /Zc:forScope /Fo"txt-converter-char\Debug\char_sql.obj" /Fd"txt-converter-char\Debug\vc100.pdb" /Gd /TC /analyze- /errorReport:prompt ..\src\char_sql\char.c
         char.c
         C:\Program Files\Microsoft Visual Studio 10.0\VC\bin\CL.exe /c /I..\3rdparty\mysql\include /I..\3rdparty\msinttypes\include /ZI /nologo /W3 /WX- /Od /Oy- /D WIN32 /D _WIN32 /D __WIN32 /D _DEBUG /D _CRT_SECURE_NO_DEPRECATE /D _CRT_NONSTDC_NO_DEPRECATE /D FD_SETSIZE=4096 /D DB_MANUAL_CAST_TO_UNION /D MINICORE /D TXT_SQL_CONVERT /D _VC80_UPGRADE=0x0710 /D _MBCS /Gm /RTC1 /MTd /GS /Gy /fp:precise /Zc:wchar_t /Zc:forScope /Fo"txt-converter-char\Debug\int_guild_sql.obj" /Fd"txt-converter-char\Debug\vc100.pdb" /Gd /TC /analyze- /errorReport:prompt ..\src\char_sql\int_guild.c
         int_guild.c
         C:\Program Files\Microsoft Visual Studio 10.0\VC\bin\CL.exe /c /I..\3rdparty\mysql\include /I..\3rdparty\msinttypes\include /ZI /nologo /W3 /WX- /Od /Oy- /D WIN32 /D _WIN32 /D __WIN32 /D _DEBUG /D _CRT_SECURE_NO_DEPRECATE /D _CRT_NONSTDC_NO_DEPRECATE /D FD_SETSIZE=4096 /D DB_MANUAL_CAST_TO_UNION /D MINICORE /D TXT_SQL_CONVERT /D _VC80_UPGRADE=0x0710 /D _MBCS /Gm /RTC1 /MTd /GS /Gy /fp:precise /Zc:wchar_t /Zc:forScope /Fo"txt-converter-char\Debug\int_mercenary_sql.obj" /Fd"txt-converter-char\Debug\vc100.pdb" /Gd /TC /analyze- /errorReport:prompt ..\src\char_sql\int_mercenary.c
         int_mercenary.c
         C:\Program Files\Microsoft Visual Studio 10.0\VC\bin\CL.exe /c /I..\3rdparty\mysql\include /I..\3rdparty\msinttypes\include /ZI /nologo /W3 /WX- /Od /Oy- /D WIN32 /D _WIN32 /D __WIN32 /D _DEBUG /D _CRT_SECURE_NO_DEPRECATE /D _CRT_NONSTDC_NO_DEPRECATE /D FD_SETSIZE=4096 /D DB_MANUAL_CAST_TO_UNION /D MINICORE /D TXT_SQL_CONVERT /D _VC80_UPGRADE=0x0710 /D _MBCS /Gm /RTC1 /MTd /GS /Gy /fp:precise /Zc:wchar_t /Zc:forScope /Fo"txt-converter-char\Debug\int_party_sql.obj" /Fd"txt-converter-char\Debug\vc100.pdb" /Gd /TC /analyze- /errorReport:prompt ..\src\char_sql\int_party.c
         int_party.c
         C:\Program Files\Microsoft Visual Studio 10.0\VC\bin\CL.exe /c /I..\3rdparty\mysql\include /I..\3rdparty\msinttypes\include /ZI /nologo /W3 /WX- /Od /Oy- /D WIN32 /D _WIN32 /D __WIN32 /D _DEBUG /D _CRT_SECURE_NO_DEPRECATE /D _CRT_NONSTDC_NO_DEPRECATE /D FD_SETSIZE=4096 /D DB_MANUAL_CAST_TO_UNION /D MINICORE /D TXT_SQL_CONVERT /D _VC80_UPGRADE=0x0710 /D _MBCS /Gm /RTC1 /MTd /GS /Gy /fp:precise /Zc:wchar_t /Zc:forScope /Fo"txt-converter-char\Debug\int_pet_sql.obj" /Fd"txt-converter-char\Debug\vc100.pdb" /Gd /TC /analyze- /errorReport:prompt ..\src\char_sql\int_pet.c
         int_pet.c
         C:\Program Files\Microsoft Visual Studio 10.0\VC\bin\CL.exe /c /I..\3rdparty\mysql\include /I..\3rdparty\msinttypes\include /ZI /nologo /W3 /WX- /Od /Oy- /D WIN32 /D _WIN32 /D __WIN32 /D _DEBUG /D _CRT_SECURE_NO_DEPRECATE /D _CRT_NONSTDC_NO_DEPRECATE /D FD_SETSIZE=4096 /D DB_MANUAL_CAST_TO_UNION /D MINICORE /D TXT_SQL_CONVERT /D _VC80_UPGRADE=0x0710 /D _MBCS /Gm /RTC1 /MTd /GS /Gy /fp:precise /Zc:wchar_t /Zc:forScope /Fo"txt-converter-char\Debug\int_storage_sql.obj" /Fd"txt-converter-char\Debug\vc100.pdb" /Gd /TC /analyze- /errorReport:prompt ..\src\char_sql\int_storage.c
         int_storage.c
         C:\Program Files\Microsoft Visual Studio 10.0\VC\bin\CL.exe /c /I..\3rdparty\mysql\include /I..\3rdparty\msinttypes\include /ZI /nologo /W3 /WX- /Od /Oy- /D WIN32 /D _WIN32 /D __WIN32 /D _DEBUG /D _CRT_SECURE_NO_DEPRECATE /D _CRT_NONSTDC_NO_DEPRECATE /D FD_SETSIZE=4096 /D DB_MANUAL_CAST_TO_UNION /D MINICORE /D TXT_SQL_CONVERT /D _VC80_UPGRADE=0x0710 /D _MBCS /Gm /RTC1 /MTd /GS /Gy /fp:precise /Zc:wchar_t /Zc:forScope /Fo"txt-converter-char\Debug\inter_sql.obj" /Fd"txt-converter-char\Debug\vc100.pdb" /Gd /TC /analyze- /errorReport:prompt ..\src\char_sql\inter.c
         inter.c
       ManifestResourceCompile:
         C:\Program Files\Microsoft SDKs\Windows\v7.0A\bin\rc.exe /nologo /fo"txt-converter-char\Debug\char-converter.exe.embed.manifest.res" txt-converter-char\Debug\char-converter_manifest.rc 
       Link:
         C:\Program Files\Microsoft Visual Studio 10.0\VC\bin\link.exe /ERRORREPORT:PROMPT /OUT:"..\tools\char-converter.exe" /INCREMENTAL /NOLOGO /LIBPATH:..\3rdparty\mysql\lib libcmtd.lib oldnames.lib ws2_32.lib libmysql.lib kernel32.lib user32.lib gdi32.lib winspool.lib comdlg32.lib advapi32.lib shell32.lib ole32.lib oleaut32.lib uuid.lib odbc32.lib odbccp32.lib /NODEFAULTLIB /MANIFEST /ManifestFile:"txt-converter-char\Debug\char-converter.exe.intermediate.manifest" /MANIFESTUAC:"level='asInvoker' uiAccess='false'" /DEBUG /PDB:"..\tools\char-converter.pdb" /SUBSYSTEM:CONSOLE /TLBID:1 /DYNAMICBASE:NO /IMPLIB:"..\tools\char-converter.lib" /MACHINE:X86 "txt-converter-char\Debug\char-converter.exe.embed.manifest.res"
         "txt-converter-char\Debug\char.obj"
         "txt-converter-char\Debug\int_guild.obj"
         "txt-converter-char\Debug\int_party.obj"
         "txt-converter-char\Debug\int_pet.obj"
         "txt-converter-char\Debug\int_storage.obj"
         "txt-converter-char\Debug\inter.obj"
         "txt-converter-char\Debug\core.obj"
         "txt-converter-char\Debug\ers.obj"
         "txt-converter-char\Debug\malloc.obj"
         "txt-converter-char\Debug\mapindex.obj"
         "txt-converter-char\Debug\showmsg.obj"
         "txt-converter-char\Debug\sql.obj"
         "txt-converter-char\Debug\strlib.obj"
         "txt-converter-char\Debug\timer.obj"
         "txt-converter-char\Debug\utils.obj"
         "txt-converter-char\Debug\char-converter.obj"
         "txt-converter-char\Debug\char_sql.obj"
         "txt-converter-char\Debug\int_guild_sql.obj"
         "txt-converter-char\Debug\int_mercenary_sql.obj"
         "txt-converter-char\Debug\int_party_sql.obj"
         "txt-converter-char\Debug\int_pet_sql.obj"
         "txt-converter-char\Debug\int_storage_sql.obj"
         "txt-converter-char\Debug\inter_sql.obj"
       Manifest:
         C:\Program Files\Microsoft SDKs\Windows\v7.0A\bin\mt.exe /nologo /verbose /out:"txt-converter-char\Debug\char-converter.exe.embed.manifest" /manifest "txt-converter-char\Debug\char-converter.exe.intermediate.manifest"
         C:\Program Files\Microsoft SDKs\Windows\v7.0A\bin\rc.exe /nologo /fo"txt-converter-char\Debug\char-converter.exe.embed.manifest.res" txt-converter-char\Debug\char-converter_manifest.rc 
       LinkEmbedManifest:
         C:\Program Files\Microsoft Visual Studio 10.0\VC\bin\link.exe /ERRORREPORT:PROMPT /OUT:"..\tools\char-converter.exe" /INCREMENTAL /NOLOGO /LIBPATH:..\3rdparty\mysql\lib libcmtd.lib oldnames.lib ws2_32.lib libmysql.lib kernel32.lib user32.lib gdi32.lib winspool.lib comdlg32.lib advapi32.lib shell32.lib ole32.lib oleaut32.lib uuid.lib odbc32.lib odbccp32.lib /NODEFAULTLIB /MANIFEST /ManifestFile:"txt-converter-char\Debug\char-converter.exe.intermediate.manifest" /MANIFESTUAC:"level='asInvoker' uiAccess='false'" /DEBUG /PDB:"..\tools\char-converter.pdb" /SUBSYSTEM:CONSOLE /TLBID:1 /DYNAMICBASE:NO /IMPLIB:"..\tools\char-converter.lib" /MACHINE:X86 "txt-converter-char\Debug\char-converter.exe.embed.manifest.res"
         "txt-converter-char\Debug\char.obj"
         "txt-converter-char\Debug\int_guild.obj"
         "txt-converter-char\Debug\int_party.obj"
         "txt-converter-char\Debug\int_pet.obj"
         "txt-converter-char\Debug\int_storage.obj"
         "txt-converter-char\Debug\inter.obj"
         "txt-converter-char\Debug\core.obj"
         "txt-converter-char\Debug\ers.obj"
         "txt-converter-char\Debug\malloc.obj"
         "txt-converter-char\Debug\mapindex.obj"
         "txt-converter-char\Debug\showmsg.obj"
         "txt-converter-char\Debug\sql.obj"
         "txt-converter-char\Debug\strlib.obj"
         "txt-converter-char\Debug\timer.obj"
         "txt-converter-char\Debug\utils.obj"
         "txt-converter-char\Debug\char-converter.obj"
         "txt-converter-char\Debug\char_sql.obj"
         "txt-converter-char\Debug\int_guild_sql.obj"
         "txt-converter-char\Debug\int_mercenary_sql.obj"
         "txt-converter-char\Debug\int_party_sql.obj"
         "txt-converter-char\Debug\int_pet_sql.obj"
         "txt-converter-char\Debug\int_storage_sql.obj"
         "txt-converter-char\Debug\inter_sql.obj"
         txt-converter-char.vcxproj -> D:\Archivo de Programa\Creacion de Ragnarok\3CeAM r731 2012-04-10\3CeAM r731 2012-04-10\Emulador3Ceam\vcproj-10\..\tools\char-converter.exe
       FinalizeBuildStatus:
         Se eliminará el archivo "txt-converter-char\Debug\txt-converter-char.unsuccessfulbuild".
         Aplicando tarea Touch a "txt-converter-char\Debug\txt-converter-char.lastbuildstate".
     1>Compilación del proyecto terminada "D:\Archivo de Programa\Creacion de Ragnarok\3CeAM r731 2012-04-10\3CeAM r731 2012-04-10\Emulador3Ceam\vcproj-10\txt-converter-char.vcxproj" (build destinos).

Compilación correcta.

Tiempo transcurrido 00:00:06.88
