..\mapcache.ilk
..\mapcache.pdb
D:\Archivo de Programa\Creacion de Ragnarok\3CeAM r731 2012-04-10\3CeAM r731 2012-04-10\Emulador3Ceam\vcproj-10\..\mapcache.exe
D:\Archivo de Programa\Creacion de Ragnarok\3CeAM r731 2012-04-10\3CeAM r731 2012-04-10\Emulador3Ceam\vcproj-10\mapcache\Debug\cl.command.1.tlog
D:\Archivo de Programa\Creacion de Ragnarok\3CeAM r731 2012-04-10\3CeAM r731 2012-04-10\Emulador3Ceam\vcproj-10\mapcache\Debug\CL.read.1.tlog
D:\Archivo de Programa\Creacion de Ragnarok\3CeAM r731 2012-04-10\3CeAM r731 2012-04-10\Emulador3Ceam\vcproj-10\mapcache\Debug\CL.write.1.tlog
D:\Archivo de Programa\Creacion de Ragnarok\3CeAM r731 2012-04-10\3CeAM r731 2012-04-10\Emulador3Ceam\vcproj-10\mapcache\Debug\core.obj
D:\Archivo de Programa\Creacion de Ragnarok\3CeAM r731 2012-04-10\3CeAM r731 2012-04-10\Emulador3Ceam\vcproj-10\mapcache\Debug\grfio.obj
D:\Archivo de Programa\Creacion de Ragnarok\3CeAM r731 2012-04-10\3CeAM r731 2012-04-10\Emulador3Ceam\vcproj-10\mapcache\Debug\link.command.1.tlog
D:\Archivo de Programa\Creacion de Ragnarok\3CeAM r731 2012-04-10\3CeAM r731 2012-04-10\Emulador3Ceam\vcproj-10\mapcache\Debug\link.read.1.tlog
D:\Archivo de Programa\Creacion de Ragnarok\3CeAM r731 2012-04-10\3CeAM r731 2012-04-10\Emulador3Ceam\vcproj-10\mapcache\Debug\link.write.1.tlog
D:\Archivo de Programa\Creacion de Ragnarok\3CeAM r731 2012-04-10\3CeAM r731 2012-04-10\Emulador3Ceam\vcproj-10\mapcache\Debug\link-cvtres.read.1.tlog
D:\Archivo de Programa\Creacion de Ragnarok\3CeAM r731 2012-04-10\3CeAM r731 2012-04-10\Emulador3Ceam\vcproj-10\mapcache\Debug\link-cvtres.write.1.tlog
D:\Archivo de Programa\Creacion de Ragnarok\3CeAM r731 2012-04-10\3CeAM r731 2012-04-10\Emulador3Ceam\vcproj-10\mapcache\Debug\malloc.obj
D:\Archivo de Programa\Creacion de Ragnarok\3CeAM r731 2012-04-10\3CeAM r731 2012-04-10\Emulador3Ceam\vcproj-10\mapcache\Debug\mapcache.exe.embed.manifest
D:\Archivo de Programa\Creacion de Ragnarok\3CeAM r731 2012-04-10\3CeAM r731 2012-04-10\Emulador3Ceam\vcproj-10\mapcache\Debug\mapcache.exe.embed.manifest.res
D:\Archivo de Programa\Creacion de Ragnarok\3CeAM r731 2012-04-10\3CeAM r731 2012-04-10\Emulador3Ceam\vcproj-10\mapcache\Debug\mapcache.exe.intermediate.manifest
D:\Archivo de Programa\Creacion de Ragnarok\3CeAM r731 2012-04-10\3CeAM r731 2012-04-10\Emulador3Ceam\vcproj-10\mapcache\Debug\mapcache.obj
D:\Archivo de Programa\Creacion de Ragnarok\3CeAM r731 2012-04-10\3CeAM r731 2012-04-10\Emulador3Ceam\vcproj-10\mapcache\Debug\mapcache_manifest.rc
D:\Archivo de Programa\Creacion de Ragnarok\3CeAM r731 2012-04-10\3CeAM r731 2012-04-10\Emulador3Ceam\vcproj-10\mapcache\Debug\mt.command.1.tlog
D:\Archivo de Programa\Creacion de Ragnarok\3CeAM r731 2012-04-10\3CeAM r731 2012-04-10\Emulador3Ceam\vcproj-10\mapcache\Debug\mt.read.1.tlog
D:\Archivo de Programa\Creacion de Ragnarok\3CeAM r731 2012-04-10\3CeAM r731 2012-04-10\Emulador3Ceam\vcproj-10\mapcache\Debug\mt.write.1.tlog
D:\Archivo de Programa\Creacion de Ragnarok\3CeAM r731 2012-04-10\3CeAM r731 2012-04-10\Emulador3Ceam\vcproj-10\mapcache\Debug\rc.command.1.tlog
D:\Archivo de Programa\Creacion de Ragnarok\3CeAM r731 2012-04-10\3CeAM r731 2012-04-10\Emulador3Ceam\vcproj-10\mapcache\Debug\rc.read.1.tlog
D:\Archivo de Programa\Creacion de Ragnarok\3CeAM r731 2012-04-10\3CeAM r731 2012-04-10\Emulador3Ceam\vcproj-10\mapcache\Debug\rc.write.1.tlog
D:\Archivo de Programa\Creacion de Ragnarok\3CeAM r731 2012-04-10\3CeAM r731 2012-04-10\Emulador3Ceam\vcproj-10\mapcache\Debug\showmsg.obj
D:\Archivo de Programa\Creacion de Ragnarok\3CeAM r731 2012-04-10\3CeAM r731 2012-04-10\Emulador3Ceam\vcproj-10\mapcache\Debug\strlib.obj
D:\Archivo de Programa\Creacion de Ragnarok\3CeAM r731 2012-04-10\3CeAM r731 2012-04-10\Emulador3Ceam\vcproj-10\mapcache\Debug\utils.obj
D:\Archivo de Programa\Creacion de Ragnarok\3CeAM r731 2012-04-10\3CeAM r731 2012-04-10\Emulador3Ceam\vcproj-10\mapcache\Debug\vc100.idb
D:\Archivo de Programa\Creacion de Ragnarok\3CeAM r731 2012-04-10\3CeAM r731 2012-04-10\Emulador3Ceam\vcproj-10\mapcache\Debug\vc100.pdb
D:\ARCHIVO DE PROGRAMA\CREACION DE RAGNAROK\3CEAM R731 2012-04-10\3CEAM R731 2012-04-10\EXPORTED FILES\MAPCACHE.EXE
D:\ARCHIVO DE PROGRAMA\CREACION DE RAGNAROK\3CEAM R731 2012-04-10\3CEAM R731 2012-04-10\EXPORTED FILES\MAPCACHE.ILK
D:\ARCHIVO DE PROGRAMA\CREACION DE RAGNAROK\3CEAM R731 2012-04-10\3CEAM R731 2012-04-10\EXPORTED FILES\MAPCACHE.PDB
D:\ARCHIVO DE PROGRAMA\CREACION DE RAGNAROK\3CEAM R731 2012-04-10\3CEAM R731 2012-04-10\EXPORTED FILES\VCPROJ-10\MAPCACHE\DEBUG\CORE.OBJ
D:\ARCHIVO DE PROGRAMA\CREACION DE RAGNAROK\3CEAM R731 2012-04-10\3CEAM R731 2012-04-10\EXPORTED FILES\VCPROJ-10\MAPCACHE\DEBUG\GRFIO.OBJ
D:\ARCHIVO DE PROGRAMA\CREACION DE RAGNAROK\3CEAM R731 2012-04-10\3CEAM R731 2012-04-10\EXPORTED FILES\VCPROJ-10\MAPCACHE\DEBUG\MALLOC.OBJ
D:\ARCHIVO DE PROGRAMA\CREACION DE RAGNAROK\3CEAM R731 2012-04-10\3CEAM R731 2012-04-10\EXPORTED FILES\VCPROJ-10\MAPCACHE\DEBUG\MAPCACHE.EXE.EMBED.MANIFEST
D:\ARCHIVO DE PROGRAMA\CREACION DE RAGNAROK\3CEAM R731 2012-04-10\3CEAM R731 2012-04-10\EXPORTED FILES\VCPROJ-10\MAPCACHE\DEBUG\MAPCACHE.EXE.EMBED.MANIFEST.RES
D:\ARCHIVO DE PROGRAMA\CREACION DE RAGNAROK\3CEAM R731 2012-04-10\3CEAM R731 2012-04-10\EXPORTED FILES\VCPROJ-10\MAPCACHE\DEBUG\MAPCACHE.EXE.INTERMEDIATE.MANIFEST
D:\ARCHIVO DE PROGRAMA\CREACION DE RAGNAROK\3CEAM R731 2012-04-10\3CEAM R731 2012-04-10\EXPORTED FILES\VCPROJ-10\MAPCACHE\DEBUG\MAPCACHE.OBJ
D:\ARCHIVO DE PROGRAMA\CREACION DE RAGNAROK\3CEAM R731 2012-04-10\3CEAM R731 2012-04-10\EXPORTED FILES\VCPROJ-10\MAPCACHE\DEBUG\SHOWMSG.OBJ
D:\ARCHIVO DE PROGRAMA\CREACION DE RAGNAROK\3CEAM R731 2012-04-10\3CEAM R731 2012-04-10\EXPORTED FILES\VCPROJ-10\MAPCACHE\DEBUG\STRLIB.OBJ
D:\ARCHIVO DE PROGRAMA\CREACION DE RAGNAROK\3CEAM R731 2012-04-10\3CEAM R731 2012-04-10\EXPORTED FILES\VCPROJ-10\MAPCACHE\DEBUG\UTILS.OBJ
D:\ARCHIVO DE PROGRAMA\CREACION DE RAGNAROK\3CEAM R731 2012-04-10\3CEAM R731 2012-04-10\EXPORTED FILES\VCPROJ-10\MAPCACHE\DEBUG\VC100.PDB
