..\tools\login-converter.ilk
..\tools\login-converter.pdb
D:\Archivo de Programa\Creacion de Ragnarok\3CeAM r731 2012-04-10\3CeAM r731 2012-04-10\Emulador3Ceam\vcproj-10\..\tools\login-converter.exe
D:\Archivo de Programa\Creacion de Ragnarok\3CeAM r731 2012-04-10\3CeAM r731 2012-04-10\Emulador3Ceam\vcproj-10\txt-converter-login\Debug\account_sql.obj
D:\Archivo de Programa\Creacion de Ragnarok\3CeAM r731 2012-04-10\3CeAM r731 2012-04-10\Emulador3Ceam\vcproj-10\txt-converter-login\Debug\account_txt.obj
D:\Archivo de Programa\Creacion de Ragnarok\3CeAM r731 2012-04-10\3CeAM r731 2012-04-10\Emulador3Ceam\vcproj-10\txt-converter-login\Debug\cl.command.1.tlog
D:\Archivo de Programa\Creacion de Ragnarok\3CeAM r731 2012-04-10\3CeAM r731 2012-04-10\Emulador3Ceam\vcproj-10\txt-converter-login\Debug\CL.read.1.tlog
D:\Archivo de Programa\Creacion de Ragnarok\3CeAM r731 2012-04-10\3CeAM r731 2012-04-10\Emulador3Ceam\vcproj-10\txt-converter-login\Debug\CL.write.1.tlog
D:\Archivo de Programa\Creacion de Ragnarok\3CeAM r731 2012-04-10\3CeAM r731 2012-04-10\Emulador3Ceam\vcproj-10\txt-converter-login\Debug\core.obj
D:\Archivo de Programa\Creacion de Ragnarok\3CeAM r731 2012-04-10\3CeAM r731 2012-04-10\Emulador3Ceam\vcproj-10\txt-converter-login\Debug\db.obj
D:\Archivo de Programa\Creacion de Ragnarok\3CeAM r731 2012-04-10\3CeAM r731 2012-04-10\Emulador3Ceam\vcproj-10\txt-converter-login\Debug\ers.obj
D:\Archivo de Programa\Creacion de Ragnarok\3CeAM r731 2012-04-10\3CeAM r731 2012-04-10\Emulador3Ceam\vcproj-10\txt-converter-login\Debug\link.command.1.tlog
D:\Archivo de Programa\Creacion de Ragnarok\3CeAM r731 2012-04-10\3CeAM r731 2012-04-10\Emulador3Ceam\vcproj-10\txt-converter-login\Debug\link.read.1.tlog
D:\Archivo de Programa\Creacion de Ragnarok\3CeAM r731 2012-04-10\3CeAM r731 2012-04-10\Emulador3Ceam\vcproj-10\txt-converter-login\Debug\link.write.1.tlog
D:\Archivo de Programa\Creacion de Ragnarok\3CeAM r731 2012-04-10\3CeAM r731 2012-04-10\Emulador3Ceam\vcproj-10\txt-converter-login\Debug\link-cvtres.read.1.tlog
D:\Archivo de Programa\Creacion de Ragnarok\3CeAM r731 2012-04-10\3CeAM r731 2012-04-10\Emulador3Ceam\vcproj-10\txt-converter-login\Debug\link-cvtres.write.1.tlog
D:\Archivo de Programa\Creacion de Ragnarok\3CeAM r731 2012-04-10\3CeAM r731 2012-04-10\Emulador3Ceam\vcproj-10\txt-converter-login\Debug\lock.obj
D:\Archivo de Programa\Creacion de Ragnarok\3CeAM r731 2012-04-10\3CeAM r731 2012-04-10\Emulador3Ceam\vcproj-10\txt-converter-login\Debug\login-converter.exe.embed.manifest
D:\Archivo de Programa\Creacion de Ragnarok\3CeAM r731 2012-04-10\3CeAM r731 2012-04-10\Emulador3Ceam\vcproj-10\txt-converter-login\Debug\login-converter.exe.embed.manifest.res
D:\Archivo de Programa\Creacion de Ragnarok\3CeAM r731 2012-04-10\3CeAM r731 2012-04-10\Emulador3Ceam\vcproj-10\txt-converter-login\Debug\login-converter.exe.intermediate.manifest
D:\Archivo de Programa\Creacion de Ragnarok\3CeAM r731 2012-04-10\3CeAM r731 2012-04-10\Emulador3Ceam\vcproj-10\txt-converter-login\Debug\login-converter.obj
D:\Archivo de Programa\Creacion de Ragnarok\3CeAM r731 2012-04-10\3CeAM r731 2012-04-10\Emulador3Ceam\vcproj-10\txt-converter-login\Debug\login-converter_manifest.rc
D:\Archivo de Programa\Creacion de Ragnarok\3CeAM r731 2012-04-10\3CeAM r731 2012-04-10\Emulador3Ceam\vcproj-10\txt-converter-login\Debug\malloc.obj
D:\Archivo de Programa\Creacion de Ragnarok\3CeAM r731 2012-04-10\3CeAM r731 2012-04-10\Emulador3Ceam\vcproj-10\txt-converter-login\Debug\mt.command.1.tlog
D:\Archivo de Programa\Creacion de Ragnarok\3CeAM r731 2012-04-10\3CeAM r731 2012-04-10\Emulador3Ceam\vcproj-10\txt-converter-login\Debug\mt.read.1.tlog
D:\Archivo de Programa\Creacion de Ragnarok\3CeAM r731 2012-04-10\3CeAM r731 2012-04-10\Emulador3Ceam\vcproj-10\txt-converter-login\Debug\mt.write.1.tlog
D:\Archivo de Programa\Creacion de Ragnarok\3CeAM r731 2012-04-10\3CeAM r731 2012-04-10\Emulador3Ceam\vcproj-10\txt-converter-login\Debug\rc.command.1.tlog
D:\Archivo de Programa\Creacion de Ragnarok\3CeAM r731 2012-04-10\3CeAM r731 2012-04-10\Emulador3Ceam\vcproj-10\txt-converter-login\Debug\rc.read.1.tlog
D:\Archivo de Programa\Creacion de Ragnarok\3CeAM r731 2012-04-10\3CeAM r731 2012-04-10\Emulador3Ceam\vcproj-10\txt-converter-login\Debug\rc.write.1.tlog
D:\Archivo de Programa\Creacion de Ragnarok\3CeAM r731 2012-04-10\3CeAM r731 2012-04-10\Emulador3Ceam\vcproj-10\txt-converter-login\Debug\showmsg.obj
D:\Archivo de Programa\Creacion de Ragnarok\3CeAM r731 2012-04-10\3CeAM r731 2012-04-10\Emulador3Ceam\vcproj-10\txt-converter-login\Debug\sql.obj
D:\Archivo de Programa\Creacion de Ragnarok\3CeAM r731 2012-04-10\3CeAM r731 2012-04-10\Emulador3Ceam\vcproj-10\txt-converter-login\Debug\strlib.obj
D:\Archivo de Programa\Creacion de Ragnarok\3CeAM r731 2012-04-10\3CeAM r731 2012-04-10\Emulador3Ceam\vcproj-10\txt-converter-login\Debug\timer.obj
D:\Archivo de Programa\Creacion de Ragnarok\3CeAM r731 2012-04-10\3CeAM r731 2012-04-10\Emulador3Ceam\vcproj-10\txt-converter-login\Debug\utils.obj
D:\Archivo de Programa\Creacion de Ragnarok\3CeAM r731 2012-04-10\3CeAM r731 2012-04-10\Emulador3Ceam\vcproj-10\txt-converter-login\Debug\vc100.idb
D:\Archivo de Programa\Creacion de Ragnarok\3CeAM r731 2012-04-10\3CeAM r731 2012-04-10\Emulador3Ceam\vcproj-10\txt-converter-login\Debug\vc100.pdb
D:\ARCHIVO DE PROGRAMA\CREACION DE RAGNAROK\3CEAM R731 2012-04-10\3CEAM R731 2012-04-10\EXPORTED FILES\TOOLS\LOGIN-CONVERTER.EXE
D:\ARCHIVO DE PROGRAMA\CREACION DE RAGNAROK\3CEAM R731 2012-04-10\3CEAM R731 2012-04-10\EXPORTED FILES\TOOLS\LOGIN-CONVERTER.ILK
D:\ARCHIVO DE PROGRAMA\CREACION DE RAGNAROK\3CEAM R731 2012-04-10\3CEAM R731 2012-04-10\EXPORTED FILES\TOOLS\LOGIN-CONVERTER.PDB
D:\ARCHIVO DE PROGRAMA\CREACION DE RAGNAROK\3CEAM R731 2012-04-10\3CEAM R731 2012-04-10\EXPORTED FILES\VCPROJ-10\TXT-CONVERTER-LOGIN\DEBUG\ACCOUNT_SQL.OBJ
D:\ARCHIVO DE PROGRAMA\CREACION DE RAGNAROK\3CEAM R731 2012-04-10\3CEAM R731 2012-04-10\EXPORTED FILES\VCPROJ-10\TXT-CONVERTER-LOGIN\DEBUG\ACCOUNT_TXT.OBJ
D:\ARCHIVO DE PROGRAMA\CREACION DE RAGNAROK\3CEAM R731 2012-04-10\3CEAM R731 2012-04-10\EXPORTED FILES\VCPROJ-10\TXT-CONVERTER-LOGIN\DEBUG\CORE.OBJ
D:\ARCHIVO DE PROGRAMA\CREACION DE RAGNAROK\3CEAM R731 2012-04-10\3CEAM R731 2012-04-10\EXPORTED FILES\VCPROJ-10\TXT-CONVERTER-LOGIN\DEBUG\DB.OBJ
D:\ARCHIVO DE PROGRAMA\CREACION DE RAGNAROK\3CEAM R731 2012-04-10\3CEAM R731 2012-04-10\EXPORTED FILES\VCPROJ-10\TXT-CONVERTER-LOGIN\DEBUG\ERS.OBJ
D:\ARCHIVO DE PROGRAMA\CREACION DE RAGNAROK\3CEAM R731 2012-04-10\3CEAM R731 2012-04-10\EXPORTED FILES\VCPROJ-10\TXT-CONVERTER-LOGIN\DEBUG\LOCK.OBJ
D:\ARCHIVO DE PROGRAMA\CREACION DE RAGNAROK\3CEAM R731 2012-04-10\3CEAM R731 2012-04-10\EXPORTED FILES\VCPROJ-10\TXT-CONVERTER-LOGIN\DEBUG\LOGIN-CONVERTER.EXE.EMBED.MANIFEST
D:\ARCHIVO DE PROGRAMA\CREACION DE RAGNAROK\3CEAM R731 2012-04-10\3CEAM R731 2012-04-10\EXPORTED FILES\VCPROJ-10\TXT-CONVERTER-LOGIN\DEBUG\LOGIN-CONVERTER.EXE.EMBED.MANIFEST.RES
D:\ARCHIVO DE PROGRAMA\CREACION DE RAGNAROK\3CEAM R731 2012-04-10\3CEAM R731 2012-04-10\EXPORTED FILES\VCPROJ-10\TXT-CONVERTER-LOGIN\DEBUG\LOGIN-CONVERTER.EXE.INTERMEDIATE.MANIFEST
D:\ARCHIVO DE PROGRAMA\CREACION DE RAGNAROK\3CEAM R731 2012-04-10\3CEAM R731 2012-04-10\EXPORTED FILES\VCPROJ-10\TXT-CONVERTER-LOGIN\DEBUG\LOGIN-CONVERTER.OBJ
D:\ARCHIVO DE PROGRAMA\CREACION DE RAGNAROK\3CEAM R731 2012-04-10\3CEAM R731 2012-04-10\EXPORTED FILES\VCPROJ-10\TXT-CONVERTER-LOGIN\DEBUG\MALLOC.OBJ
D:\ARCHIVO DE PROGRAMA\CREACION DE RAGNAROK\3CEAM R731 2012-04-10\3CEAM R731 2012-04-10\EXPORTED FILES\VCPROJ-10\TXT-CONVERTER-LOGIN\DEBUG\SHOWMSG.OBJ
D:\ARCHIVO DE PROGRAMA\CREACION DE RAGNAROK\3CEAM R731 2012-04-10\3CEAM R731 2012-04-10\EXPORTED FILES\VCPROJ-10\TXT-CONVERTER-LOGIN\DEBUG\SQL.OBJ
D:\ARCHIVO DE PROGRAMA\CREACION DE RAGNAROK\3CEAM R731 2012-04-10\3CEAM R731 2012-04-10\EXPORTED FILES\VCPROJ-10\TXT-CONVERTER-LOGIN\DEBUG\STRLIB.OBJ
D:\ARCHIVO DE PROGRAMA\CREACION DE RAGNAROK\3CEAM R731 2012-04-10\3CEAM R731 2012-04-10\EXPORTED FILES\VCPROJ-10\TXT-CONVERTER-LOGIN\DEBUG\TIMER.OBJ
D:\ARCHIVO DE PROGRAMA\CREACION DE RAGNAROK\3CEAM R731 2012-04-10\3CEAM R731 2012-04-10\EXPORTED FILES\VCPROJ-10\TXT-CONVERTER-LOGIN\DEBUG\UTILS.OBJ
D:\ARCHIVO DE PROGRAMA\CREACION DE RAGNAROK\3CEAM R731 2012-04-10\3CEAM R731 2012-04-10\EXPORTED FILES\VCPROJ-10\TXT-CONVERTER-LOGIN\DEBUG\VC100.PDB
