..\char-server.ilk
..\char-server.pdb
D:\Archivo de Programa\Creacion de Ragnarok\3CeAM r731 2012-04-10\3CeAM r731 2012-04-10\Emulador3Ceam\vcproj-10\..\char-server.exe
D:\Archivo de Programa\Creacion de Ragnarok\3CeAM r731 2012-04-10\3CeAM r731 2012-04-10\Emulador3Ceam\vcproj-10\char-server_txt\Debug\char.obj
D:\Archivo de Programa\Creacion de Ragnarok\3CeAM r731 2012-04-10\3CeAM r731 2012-04-10\Emulador3Ceam\vcproj-10\char-server_txt\Debug\char-server.exe.embed.manifest
D:\Archivo de Programa\Creacion de Ragnarok\3CeAM r731 2012-04-10\3CeAM r731 2012-04-10\Emulador3Ceam\vcproj-10\char-server_txt\Debug\char-server.exe.embed.manifest.res
D:\Archivo de Programa\Creacion de Ragnarok\3CeAM r731 2012-04-10\3CeAM r731 2012-04-10\Emulador3Ceam\vcproj-10\char-server_txt\Debug\char-server.exe.intermediate.manifest
D:\Archivo de Programa\Creacion de Ragnarok\3CeAM r731 2012-04-10\3CeAM r731 2012-04-10\Emulador3Ceam\vcproj-10\char-server_txt\Debug\char-server_manifest.rc
D:\Archivo de Programa\Creacion de Ragnarok\3CeAM r731 2012-04-10\3CeAM r731 2012-04-10\Emulador3Ceam\vcproj-10\char-server_txt\Debug\cl.command.1.tlog
D:\Archivo de Programa\Creacion de Ragnarok\3CeAM r731 2012-04-10\3CeAM r731 2012-04-10\Emulador3Ceam\vcproj-10\char-server_txt\Debug\CL.read.1.tlog
D:\Archivo de Programa\Creacion de Ragnarok\3CeAM r731 2012-04-10\3CeAM r731 2012-04-10\Emulador3Ceam\vcproj-10\char-server_txt\Debug\CL.write.1.tlog
D:\Archivo de Programa\Creacion de Ragnarok\3CeAM r731 2012-04-10\3CeAM r731 2012-04-10\Emulador3Ceam\vcproj-10\char-server_txt\Debug\core.obj
D:\Archivo de Programa\Creacion de Ragnarok\3CeAM r731 2012-04-10\3CeAM r731 2012-04-10\Emulador3Ceam\vcproj-10\char-server_txt\Debug\db.obj
D:\Archivo de Programa\Creacion de Ragnarok\3CeAM r731 2012-04-10\3CeAM r731 2012-04-10\Emulador3Ceam\vcproj-10\char-server_txt\Debug\ers.obj
D:\Archivo de Programa\Creacion de Ragnarok\3CeAM r731 2012-04-10\3CeAM r731 2012-04-10\Emulador3Ceam\vcproj-10\char-server_txt\Debug\int_guild.obj
D:\Archivo de Programa\Creacion de Ragnarok\3CeAM r731 2012-04-10\3CeAM r731 2012-04-10\Emulador3Ceam\vcproj-10\char-server_txt\Debug\int_homun.obj
D:\Archivo de Programa\Creacion de Ragnarok\3CeAM r731 2012-04-10\3CeAM r731 2012-04-10\Emulador3Ceam\vcproj-10\char-server_txt\Debug\int_party.obj
D:\Archivo de Programa\Creacion de Ragnarok\3CeAM r731 2012-04-10\3CeAM r731 2012-04-10\Emulador3Ceam\vcproj-10\char-server_txt\Debug\int_pet.obj
D:\Archivo de Programa\Creacion de Ragnarok\3CeAM r731 2012-04-10\3CeAM r731 2012-04-10\Emulador3Ceam\vcproj-10\char-server_txt\Debug\int_status.obj
D:\Archivo de Programa\Creacion de Ragnarok\3CeAM r731 2012-04-10\3CeAM r731 2012-04-10\Emulador3Ceam\vcproj-10\char-server_txt\Debug\int_storage.obj
D:\Archivo de Programa\Creacion de Ragnarok\3CeAM r731 2012-04-10\3CeAM r731 2012-04-10\Emulador3Ceam\vcproj-10\char-server_txt\Debug\inter.obj
D:\Archivo de Programa\Creacion de Ragnarok\3CeAM r731 2012-04-10\3CeAM r731 2012-04-10\Emulador3Ceam\vcproj-10\char-server_txt\Debug\link.command.1.tlog
D:\Archivo de Programa\Creacion de Ragnarok\3CeAM r731 2012-04-10\3CeAM r731 2012-04-10\Emulador3Ceam\vcproj-10\char-server_txt\Debug\link.read.1.tlog
D:\Archivo de Programa\Creacion de Ragnarok\3CeAM r731 2012-04-10\3CeAM r731 2012-04-10\Emulador3Ceam\vcproj-10\char-server_txt\Debug\link.write.1.tlog
D:\Archivo de Programa\Creacion de Ragnarok\3CeAM r731 2012-04-10\3CeAM r731 2012-04-10\Emulador3Ceam\vcproj-10\char-server_txt\Debug\link-cvtres.read.1.tlog
D:\Archivo de Programa\Creacion de Ragnarok\3CeAM r731 2012-04-10\3CeAM r731 2012-04-10\Emulador3Ceam\vcproj-10\char-server_txt\Debug\link-cvtres.write.1.tlog
D:\Archivo de Programa\Creacion de Ragnarok\3CeAM r731 2012-04-10\3CeAM r731 2012-04-10\Emulador3Ceam\vcproj-10\char-server_txt\Debug\lock.obj
D:\Archivo de Programa\Creacion de Ragnarok\3CeAM r731 2012-04-10\3CeAM r731 2012-04-10\Emulador3Ceam\vcproj-10\char-server_txt\Debug\malloc.obj
D:\Archivo de Programa\Creacion de Ragnarok\3CeAM r731 2012-04-10\3CeAM r731 2012-04-10\Emulador3Ceam\vcproj-10\char-server_txt\Debug\mapindex.obj
D:\Archivo de Programa\Creacion de Ragnarok\3CeAM r731 2012-04-10\3CeAM r731 2012-04-10\Emulador3Ceam\vcproj-10\char-server_txt\Debug\mt.command.1.tlog
D:\Archivo de Programa\Creacion de Ragnarok\3CeAM r731 2012-04-10\3CeAM r731 2012-04-10\Emulador3Ceam\vcproj-10\char-server_txt\Debug\mt.read.1.tlog
D:\Archivo de Programa\Creacion de Ragnarok\3CeAM r731 2012-04-10\3CeAM r731 2012-04-10\Emulador3Ceam\vcproj-10\char-server_txt\Debug\mt.write.1.tlog
D:\Archivo de Programa\Creacion de Ragnarok\3CeAM r731 2012-04-10\3CeAM r731 2012-04-10\Emulador3Ceam\vcproj-10\char-server_txt\Debug\nullpo.obj
D:\Archivo de Programa\Creacion de Ragnarok\3CeAM r731 2012-04-10\3CeAM r731 2012-04-10\Emulador3Ceam\vcproj-10\char-server_txt\Debug\plugins.obj
D:\Archivo de Programa\Creacion de Ragnarok\3CeAM r731 2012-04-10\3CeAM r731 2012-04-10\Emulador3Ceam\vcproj-10\char-server_txt\Debug\rc.command.1.tlog
D:\Archivo de Programa\Creacion de Ragnarok\3CeAM r731 2012-04-10\3CeAM r731 2012-04-10\Emulador3Ceam\vcproj-10\char-server_txt\Debug\rc.read.1.tlog
D:\Archivo de Programa\Creacion de Ragnarok\3CeAM r731 2012-04-10\3CeAM r731 2012-04-10\Emulador3Ceam\vcproj-10\char-server_txt\Debug\rc.write.1.tlog
D:\Archivo de Programa\Creacion de Ragnarok\3CeAM r731 2012-04-10\3CeAM r731 2012-04-10\Emulador3Ceam\vcproj-10\char-server_txt\Debug\showmsg.obj
D:\Archivo de Programa\Creacion de Ragnarok\3CeAM r731 2012-04-10\3CeAM r731 2012-04-10\Emulador3Ceam\vcproj-10\char-server_txt\Debug\socket.obj
D:\Archivo de Programa\Creacion de Ragnarok\3CeAM r731 2012-04-10\3CeAM r731 2012-04-10\Emulador3Ceam\vcproj-10\char-server_txt\Debug\strlib.obj
D:\Archivo de Programa\Creacion de Ragnarok\3CeAM r731 2012-04-10\3CeAM r731 2012-04-10\Emulador3Ceam\vcproj-10\char-server_txt\Debug\timer.obj
D:\Archivo de Programa\Creacion de Ragnarok\3CeAM r731 2012-04-10\3CeAM r731 2012-04-10\Emulador3Ceam\vcproj-10\char-server_txt\Debug\utils.obj
D:\Archivo de Programa\Creacion de Ragnarok\3CeAM r731 2012-04-10\3CeAM r731 2012-04-10\Emulador3Ceam\vcproj-10\char-server_txt\Debug\vc100.idb
D:\Archivo de Programa\Creacion de Ragnarok\3CeAM r731 2012-04-10\3CeAM r731 2012-04-10\Emulador3Ceam\vcproj-10\char-server_txt\Debug\vc100.pdb
D:\ARCHIVO DE PROGRAMA\CREACION DE RAGNAROK\3CEAM R731 2012-04-10\3CEAM R731 2012-04-10\EXPORTED FILES\CHAR-SERVER.EXE
D:\ARCHIVO DE PROGRAMA\CREACION DE RAGNAROK\3CEAM R731 2012-04-10\3CEAM R731 2012-04-10\EXPORTED FILES\CHAR-SERVER.ILK
D:\ARCHIVO DE PROGRAMA\CREACION DE RAGNAROK\3CEAM R731 2012-04-10\3CEAM R731 2012-04-10\EXPORTED FILES\CHAR-SERVER.PDB
D:\ARCHIVO DE PROGRAMA\CREACION DE RAGNAROK\3CEAM R731 2012-04-10\3CEAM R731 2012-04-10\EXPORTED FILES\VCPROJ-10\CHAR-SERVER_TXT\DEBUG\CHAR.OBJ
D:\ARCHIVO DE PROGRAMA\CREACION DE RAGNAROK\3CEAM R731 2012-04-10\3CEAM R731 2012-04-10\EXPORTED FILES\VCPROJ-10\CHAR-SERVER_TXT\DEBUG\CHAR-SERVER.EXE.EMBED.MANIFEST
D:\ARCHIVO DE PROGRAMA\CREACION DE RAGNAROK\3CEAM R731 2012-04-10\3CEAM R731 2012-04-10\EXPORTED FILES\VCPROJ-10\CHAR-SERVER_TXT\DEBUG\CHAR-SERVER.EXE.EMBED.MANIFEST.RES
D:\ARCHIVO DE PROGRAMA\CREACION DE RAGNAROK\3CEAM R731 2012-04-10\3CEAM R731 2012-04-10\EXPORTED FILES\VCPROJ-10\CHAR-SERVER_TXT\DEBUG\CHAR-SERVER.EXE.INTERMEDIATE.MANIFEST
D:\ARCHIVO DE PROGRAMA\CREACION DE RAGNAROK\3CEAM R731 2012-04-10\3CEAM R731 2012-04-10\EXPORTED FILES\VCPROJ-10\CHAR-SERVER_TXT\DEBUG\CORE.OBJ
D:\ARCHIVO DE PROGRAMA\CREACION DE RAGNAROK\3CEAM R731 2012-04-10\3CEAM R731 2012-04-10\EXPORTED FILES\VCPROJ-10\CHAR-SERVER_TXT\DEBUG\DB.OBJ
D:\ARCHIVO DE PROGRAMA\CREACION DE RAGNAROK\3CEAM R731 2012-04-10\3CEAM R731 2012-04-10\EXPORTED FILES\VCPROJ-10\CHAR-SERVER_TXT\DEBUG\ERS.OBJ
D:\ARCHIVO DE PROGRAMA\CREACION DE RAGNAROK\3CEAM R731 2012-04-10\3CEAM R731 2012-04-10\EXPORTED FILES\VCPROJ-10\CHAR-SERVER_TXT\DEBUG\INT_GUILD.OBJ
D:\ARCHIVO DE PROGRAMA\CREACION DE RAGNAROK\3CEAM R731 2012-04-10\3CEAM R731 2012-04-10\EXPORTED FILES\VCPROJ-10\CHAR-SERVER_TXT\DEBUG\INT_HOMUN.OBJ
D:\ARCHIVO DE PROGRAMA\CREACION DE RAGNAROK\3CEAM R731 2012-04-10\3CEAM R731 2012-04-10\EXPORTED FILES\VCPROJ-10\CHAR-SERVER_TXT\DEBUG\INT_PARTY.OBJ
D:\ARCHIVO DE PROGRAMA\CREACION DE RAGNAROK\3CEAM R731 2012-04-10\3CEAM R731 2012-04-10\EXPORTED FILES\VCPROJ-10\CHAR-SERVER_TXT\DEBUG\INT_PET.OBJ
D:\ARCHIVO DE PROGRAMA\CREACION DE RAGNAROK\3CEAM R731 2012-04-10\3CEAM R731 2012-04-10\EXPORTED FILES\VCPROJ-10\CHAR-SERVER_TXT\DEBUG\INT_STATUS.OBJ
D:\ARCHIVO DE PROGRAMA\CREACION DE RAGNAROK\3CEAM R731 2012-04-10\3CEAM R731 2012-04-10\EXPORTED FILES\VCPROJ-10\CHAR-SERVER_TXT\DEBUG\INT_STORAGE.OBJ
D:\ARCHIVO DE PROGRAMA\CREACION DE RAGNAROK\3CEAM R731 2012-04-10\3CEAM R731 2012-04-10\EXPORTED FILES\VCPROJ-10\CHAR-SERVER_TXT\DEBUG\INTER.OBJ
D:\ARCHIVO DE PROGRAMA\CREACION DE RAGNAROK\3CEAM R731 2012-04-10\3CEAM R731 2012-04-10\EXPORTED FILES\VCPROJ-10\CHAR-SERVER_TXT\DEBUG\LOCK.OBJ
D:\ARCHIVO DE PROGRAMA\CREACION DE RAGNAROK\3CEAM R731 2012-04-10\3CEAM R731 2012-04-10\EXPORTED FILES\VCPROJ-10\CHAR-SERVER_TXT\DEBUG\MALLOC.OBJ
D:\ARCHIVO DE PROGRAMA\CREACION DE RAGNAROK\3CEAM R731 2012-04-10\3CEAM R731 2012-04-10\EXPORTED FILES\VCPROJ-10\CHAR-SERVER_TXT\DEBUG\MAPINDEX.OBJ
D:\ARCHIVO DE PROGRAMA\CREACION DE RAGNAROK\3CEAM R731 2012-04-10\3CEAM R731 2012-04-10\EXPORTED FILES\VCPROJ-10\CHAR-SERVER_TXT\DEBUG\NULLPO.OBJ
D:\ARCHIVO DE PROGRAMA\CREACION DE RAGNAROK\3CEAM R731 2012-04-10\3CEAM R731 2012-04-10\EXPORTED FILES\VCPROJ-10\CHAR-SERVER_TXT\DEBUG\PLUGINS.OBJ
D:\ARCHIVO DE PROGRAMA\CREACION DE RAGNAROK\3CEAM R731 2012-04-10\3CEAM R731 2012-04-10\EXPORTED FILES\VCPROJ-10\CHAR-SERVER_TXT\DEBUG\SHOWMSG.OBJ
D:\ARCHIVO DE PROGRAMA\CREACION DE RAGNAROK\3CEAM R731 2012-04-10\3CEAM R731 2012-04-10\EXPORTED FILES\VCPROJ-10\CHAR-SERVER_TXT\DEBUG\SOCKET.OBJ
D:\ARCHIVO DE PROGRAMA\CREACION DE RAGNAROK\3CEAM R731 2012-04-10\3CEAM R731 2012-04-10\EXPORTED FILES\VCPROJ-10\CHAR-SERVER_TXT\DEBUG\STRLIB.OBJ
D:\ARCHIVO DE PROGRAMA\CREACION DE RAGNAROK\3CEAM R731 2012-04-10\3CEAM R731 2012-04-10\EXPORTED FILES\VCPROJ-10\CHAR-SERVER_TXT\DEBUG\TIMER.OBJ
D:\ARCHIVO DE PROGRAMA\CREACION DE RAGNAROK\3CEAM R731 2012-04-10\3CEAM R731 2012-04-10\EXPORTED FILES\VCPROJ-10\CHAR-SERVER_TXT\DEBUG\UTILS.OBJ
D:\ARCHIVO DE PROGRAMA\CREACION DE RAGNAROK\3CEAM R731 2012-04-10\3CEAM R731 2012-04-10\EXPORTED FILES\VCPROJ-10\CHAR-SERVER_TXT\DEBUG\VC100.PDB
