..\map-server.ilk
..\map-server.pdb
D:\Archivo de Programa\Creacion de Ragnarok\3CeAM r731 2012-04-10\3CeAM r731 2012-04-10\Emulador3Ceam\vcproj-10\..\map-server.exe
D:\Archivo de Programa\Creacion de Ragnarok\3CeAM r731 2012-04-10\3CeAM r731 2012-04-10\Emulador3Ceam\vcproj-10\map-server_txt\Debug\atcommand.obj
D:\Archivo de Programa\Creacion de Ragnarok\3CeAM r731 2012-04-10\3CeAM r731 2012-04-10\Emulador3Ceam\vcproj-10\map-server_txt\Debug\battle.obj
D:\Archivo de Programa\Creacion de Ragnarok\3CeAM r731 2012-04-10\3CeAM r731 2012-04-10\Emulador3Ceam\vcproj-10\map-server_txt\Debug\battleground.obj
D:\Archivo de Programa\Creacion de Ragnarok\3CeAM r731 2012-04-10\3CeAM r731 2012-04-10\Emulador3Ceam\vcproj-10\map-server_txt\Debug\buyingstore.obj
D:\Archivo de Programa\Creacion de Ragnarok\3CeAM r731 2012-04-10\3CeAM r731 2012-04-10\Emulador3Ceam\vcproj-10\map-server_txt\Debug\chat.obj
D:\Archivo de Programa\Creacion de Ragnarok\3CeAM r731 2012-04-10\3CeAM r731 2012-04-10\Emulador3Ceam\vcproj-10\map-server_txt\Debug\chrif.obj
D:\Archivo de Programa\Creacion de Ragnarok\3CeAM r731 2012-04-10\3CeAM r731 2012-04-10\Emulador3Ceam\vcproj-10\map-server_txt\Debug\cl.command.1.tlog
D:\Archivo de Programa\Creacion de Ragnarok\3CeAM r731 2012-04-10\3CeAM r731 2012-04-10\Emulador3Ceam\vcproj-10\map-server_txt\Debug\CL.read.1.tlog
D:\Archivo de Programa\Creacion de Ragnarok\3CeAM r731 2012-04-10\3CeAM r731 2012-04-10\Emulador3Ceam\vcproj-10\map-server_txt\Debug\CL.write.1.tlog
D:\Archivo de Programa\Creacion de Ragnarok\3CeAM r731 2012-04-10\3CeAM r731 2012-04-10\Emulador3Ceam\vcproj-10\map-server_txt\Debug\clif.obj
D:\Archivo de Programa\Creacion de Ragnarok\3CeAM r731 2012-04-10\3CeAM r731 2012-04-10\Emulador3Ceam\vcproj-10\map-server_txt\Debug\core.obj
D:\Archivo de Programa\Creacion de Ragnarok\3CeAM r731 2012-04-10\3CeAM r731 2012-04-10\Emulador3Ceam\vcproj-10\map-server_txt\Debug\date.obj
D:\Archivo de Programa\Creacion de Ragnarok\3CeAM r731 2012-04-10\3CeAM r731 2012-04-10\Emulador3Ceam\vcproj-10\map-server_txt\Debug\db.obj
D:\Archivo de Programa\Creacion de Ragnarok\3CeAM r731 2012-04-10\3CeAM r731 2012-04-10\Emulador3Ceam\vcproj-10\map-server_txt\Debug\elemental.obj
D:\Archivo de Programa\Creacion de Ragnarok\3CeAM r731 2012-04-10\3CeAM r731 2012-04-10\Emulador3Ceam\vcproj-10\map-server_txt\Debug\ers.obj
D:\Archivo de Programa\Creacion de Ragnarok\3CeAM r731 2012-04-10\3CeAM r731 2012-04-10\Emulador3Ceam\vcproj-10\map-server_txt\Debug\grfio.obj
D:\Archivo de Programa\Creacion de Ragnarok\3CeAM r731 2012-04-10\3CeAM r731 2012-04-10\Emulador3Ceam\vcproj-10\map-server_txt\Debug\guild.obj
D:\Archivo de Programa\Creacion de Ragnarok\3CeAM r731 2012-04-10\3CeAM r731 2012-04-10\Emulador3Ceam\vcproj-10\map-server_txt\Debug\homunculus.obj
D:\Archivo de Programa\Creacion de Ragnarok\3CeAM r731 2012-04-10\3CeAM r731 2012-04-10\Emulador3Ceam\vcproj-10\map-server_txt\Debug\instance.obj
D:\Archivo de Programa\Creacion de Ragnarok\3CeAM r731 2012-04-10\3CeAM r731 2012-04-10\Emulador3Ceam\vcproj-10\map-server_txt\Debug\intif.obj
D:\Archivo de Programa\Creacion de Ragnarok\3CeAM r731 2012-04-10\3CeAM r731 2012-04-10\Emulador3Ceam\vcproj-10\map-server_txt\Debug\itemdb.obj
D:\Archivo de Programa\Creacion de Ragnarok\3CeAM r731 2012-04-10\3CeAM r731 2012-04-10\Emulador3Ceam\vcproj-10\map-server_txt\Debug\link.712.read.1.tlog
D:\Archivo de Programa\Creacion de Ragnarok\3CeAM r731 2012-04-10\3CeAM r731 2012-04-10\Emulador3Ceam\vcproj-10\map-server_txt\Debug\link.712.write.1.tlog
D:\Archivo de Programa\Creacion de Ragnarok\3CeAM r731 2012-04-10\3CeAM r731 2012-04-10\Emulador3Ceam\vcproj-10\map-server_txt\Debug\link.712-cvtres.read.1.tlog
D:\Archivo de Programa\Creacion de Ragnarok\3CeAM r731 2012-04-10\3CeAM r731 2012-04-10\Emulador3Ceam\vcproj-10\map-server_txt\Debug\link.712-cvtres.write.1.tlog
D:\Archivo de Programa\Creacion de Ragnarok\3CeAM r731 2012-04-10\3CeAM r731 2012-04-10\Emulador3Ceam\vcproj-10\map-server_txt\Debug\link.command.1.tlog
D:\Archivo de Programa\Creacion de Ragnarok\3CeAM r731 2012-04-10\3CeAM r731 2012-04-10\Emulador3Ceam\vcproj-10\map-server_txt\Debug\link.read.1.tlog
D:\Archivo de Programa\Creacion de Ragnarok\3CeAM r731 2012-04-10\3CeAM r731 2012-04-10\Emulador3Ceam\vcproj-10\map-server_txt\Debug\link.write.1.tlog
D:\Archivo de Programa\Creacion de Ragnarok\3CeAM r731 2012-04-10\3CeAM r731 2012-04-10\Emulador3Ceam\vcproj-10\map-server_txt\Debug\link-cvtres.read.1.tlog
D:\Archivo de Programa\Creacion de Ragnarok\3CeAM r731 2012-04-10\3CeAM r731 2012-04-10\Emulador3Ceam\vcproj-10\map-server_txt\Debug\link-cvtres.write.1.tlog
D:\Archivo de Programa\Creacion de Ragnarok\3CeAM r731 2012-04-10\3CeAM r731 2012-04-10\Emulador3Ceam\vcproj-10\map-server_txt\Debug\lock.obj
D:\Archivo de Programa\Creacion de Ragnarok\3CeAM r731 2012-04-10\3CeAM r731 2012-04-10\Emulador3Ceam\vcproj-10\map-server_txt\Debug\log.obj
D:\Archivo de Programa\Creacion de Ragnarok\3CeAM r731 2012-04-10\3CeAM r731 2012-04-10\Emulador3Ceam\vcproj-10\map-server_txt\Debug\mail.obj
D:\Archivo de Programa\Creacion de Ragnarok\3CeAM r731 2012-04-10\3CeAM r731 2012-04-10\Emulador3Ceam\vcproj-10\map-server_txt\Debug\malloc.obj
D:\Archivo de Programa\Creacion de Ragnarok\3CeAM r731 2012-04-10\3CeAM r731 2012-04-10\Emulador3Ceam\vcproj-10\map-server_txt\Debug\map.obj
D:\Archivo de Programa\Creacion de Ragnarok\3CeAM r731 2012-04-10\3CeAM r731 2012-04-10\Emulador3Ceam\vcproj-10\map-server_txt\Debug\mapindex.obj
D:\Archivo de Programa\Creacion de Ragnarok\3CeAM r731 2012-04-10\3CeAM r731 2012-04-10\Emulador3Ceam\vcproj-10\map-server_txt\Debug\mapreg_txt.obj
D:\Archivo de Programa\Creacion de Ragnarok\3CeAM r731 2012-04-10\3CeAM r731 2012-04-10\Emulador3Ceam\vcproj-10\map-server_txt\Debug\map-server.exe.embed.manifest
D:\Archivo de Programa\Creacion de Ragnarok\3CeAM r731 2012-04-10\3CeAM r731 2012-04-10\Emulador3Ceam\vcproj-10\map-server_txt\Debug\map-server.exe.embed.manifest.res
D:\Archivo de Programa\Creacion de Ragnarok\3CeAM r731 2012-04-10\3CeAM r731 2012-04-10\Emulador3Ceam\vcproj-10\map-server_txt\Debug\map-server.exe.intermediate.manifest
D:\Archivo de Programa\Creacion de Ragnarok\3CeAM r731 2012-04-10\3CeAM r731 2012-04-10\Emulador3Ceam\vcproj-10\map-server_txt\Debug\map-server_manifest.rc
D:\Archivo de Programa\Creacion de Ragnarok\3CeAM r731 2012-04-10\3CeAM r731 2012-04-10\Emulador3Ceam\vcproj-10\map-server_txt\Debug\md5calc.obj
D:\Archivo de Programa\Creacion de Ragnarok\3CeAM r731 2012-04-10\3CeAM r731 2012-04-10\Emulador3Ceam\vcproj-10\map-server_txt\Debug\mercenary.obj
D:\Archivo de Programa\Creacion de Ragnarok\3CeAM r731 2012-04-10\3CeAM r731 2012-04-10\Emulador3Ceam\vcproj-10\map-server_txt\Debug\mob.obj
D:\Archivo de Programa\Creacion de Ragnarok\3CeAM r731 2012-04-10\3CeAM r731 2012-04-10\Emulador3Ceam\vcproj-10\map-server_txt\Debug\mt.command.1.tlog
D:\Archivo de Programa\Creacion de Ragnarok\3CeAM r731 2012-04-10\3CeAM r731 2012-04-10\Emulador3Ceam\vcproj-10\map-server_txt\Debug\mt.read.1.tlog
D:\Archivo de Programa\Creacion de Ragnarok\3CeAM r731 2012-04-10\3CeAM r731 2012-04-10\Emulador3Ceam\vcproj-10\map-server_txt\Debug\mt.write.1.tlog
D:\Archivo de Programa\Creacion de Ragnarok\3CeAM r731 2012-04-10\3CeAM r731 2012-04-10\Emulador3Ceam\vcproj-10\map-server_txt\Debug\npc.obj
D:\Archivo de Programa\Creacion de Ragnarok\3CeAM r731 2012-04-10\3CeAM r731 2012-04-10\Emulador3Ceam\vcproj-10\map-server_txt\Debug\npc_chat.obj
D:\Archivo de Programa\Creacion de Ragnarok\3CeAM r731 2012-04-10\3CeAM r731 2012-04-10\Emulador3Ceam\vcproj-10\map-server_txt\Debug\nullpo.obj
D:\Archivo de Programa\Creacion de Ragnarok\3CeAM r731 2012-04-10\3CeAM r731 2012-04-10\Emulador3Ceam\vcproj-10\map-server_txt\Debug\party.obj
D:\Archivo de Programa\Creacion de Ragnarok\3CeAM r731 2012-04-10\3CeAM r731 2012-04-10\Emulador3Ceam\vcproj-10\map-server_txt\Debug\path.obj
D:\Archivo de Programa\Creacion de Ragnarok\3CeAM r731 2012-04-10\3CeAM r731 2012-04-10\Emulador3Ceam\vcproj-10\map-server_txt\Debug\pc.obj
D:\Archivo de Programa\Creacion de Ragnarok\3CeAM r731 2012-04-10\3CeAM r731 2012-04-10\Emulador3Ceam\vcproj-10\map-server_txt\Debug\pet.obj
D:\Archivo de Programa\Creacion de Ragnarok\3CeAM r731 2012-04-10\3CeAM r731 2012-04-10\Emulador3Ceam\vcproj-10\map-server_txt\Debug\plugins.obj
D:\Archivo de Programa\Creacion de Ragnarok\3CeAM r731 2012-04-10\3CeAM r731 2012-04-10\Emulador3Ceam\vcproj-10\map-server_txt\Debug\quest.obj
D:\Archivo de Programa\Creacion de Ragnarok\3CeAM r731 2012-04-10\3CeAM r731 2012-04-10\Emulador3Ceam\vcproj-10\map-server_txt\Debug\rc.command.1.tlog
D:\Archivo de Programa\Creacion de Ragnarok\3CeAM r731 2012-04-10\3CeAM r731 2012-04-10\Emulador3Ceam\vcproj-10\map-server_txt\Debug\rc.read.1.tlog
D:\Archivo de Programa\Creacion de Ragnarok\3CeAM r731 2012-04-10\3CeAM r731 2012-04-10\Emulador3Ceam\vcproj-10\map-server_txt\Debug\rc.write.1.tlog
D:\Archivo de Programa\Creacion de Ragnarok\3CeAM r731 2012-04-10\3CeAM r731 2012-04-10\Emulador3Ceam\vcproj-10\map-server_txt\Debug\script.obj
D:\Archivo de Programa\Creacion de Ragnarok\3CeAM r731 2012-04-10\3CeAM r731 2012-04-10\Emulador3Ceam\vcproj-10\map-server_txt\Debug\searchstore.obj
D:\Archivo de Programa\Creacion de Ragnarok\3CeAM r731 2012-04-10\3CeAM r731 2012-04-10\Emulador3Ceam\vcproj-10\map-server_txt\Debug\showmsg.obj
D:\Archivo de Programa\Creacion de Ragnarok\3CeAM r731 2012-04-10\3CeAM r731 2012-04-10\Emulador3Ceam\vcproj-10\map-server_txt\Debug\skill.obj
D:\Archivo de Programa\Creacion de Ragnarok\3CeAM r731 2012-04-10\3CeAM r731 2012-04-10\Emulador3Ceam\vcproj-10\map-server_txt\Debug\socket.obj
D:\Archivo de Programa\Creacion de Ragnarok\3CeAM r731 2012-04-10\3CeAM r731 2012-04-10\Emulador3Ceam\vcproj-10\map-server_txt\Debug\status.obj
D:\Archivo de Programa\Creacion de Ragnarok\3CeAM r731 2012-04-10\3CeAM r731 2012-04-10\Emulador3Ceam\vcproj-10\map-server_txt\Debug\storage.obj
D:\Archivo de Programa\Creacion de Ragnarok\3CeAM r731 2012-04-10\3CeAM r731 2012-04-10\Emulador3Ceam\vcproj-10\map-server_txt\Debug\strlib.obj
D:\Archivo de Programa\Creacion de Ragnarok\3CeAM r731 2012-04-10\3CeAM r731 2012-04-10\Emulador3Ceam\vcproj-10\map-server_txt\Debug\timer.obj
D:\Archivo de Programa\Creacion de Ragnarok\3CeAM r731 2012-04-10\3CeAM r731 2012-04-10\Emulador3Ceam\vcproj-10\map-server_txt\Debug\trade.obj
D:\Archivo de Programa\Creacion de Ragnarok\3CeAM r731 2012-04-10\3CeAM r731 2012-04-10\Emulador3Ceam\vcproj-10\map-server_txt\Debug\unit.obj
D:\Archivo de Programa\Creacion de Ragnarok\3CeAM r731 2012-04-10\3CeAM r731 2012-04-10\Emulador3Ceam\vcproj-10\map-server_txt\Debug\utils.obj
D:\Archivo de Programa\Creacion de Ragnarok\3CeAM r731 2012-04-10\3CeAM r731 2012-04-10\Emulador3Ceam\vcproj-10\map-server_txt\Debug\vc100.idb
D:\Archivo de Programa\Creacion de Ragnarok\3CeAM r731 2012-04-10\3CeAM r731 2012-04-10\Emulador3Ceam\vcproj-10\map-server_txt\Debug\vc100.pdb
D:\Archivo de Programa\Creacion de Ragnarok\3CeAM r731 2012-04-10\3CeAM r731 2012-04-10\Emulador3Ceam\vcproj-10\map-server_txt\Debug\vending.obj
D:\ARCHIVO DE PROGRAMA\CREACION DE RAGNAROK\3CEAM R731 2012-04-10\3CEAM R731 2012-04-10\EXPORTED FILES\MAP-SERVER.EXE
D:\ARCHIVO DE PROGRAMA\CREACION DE RAGNAROK\3CEAM R731 2012-04-10\3CEAM R731 2012-04-10\EXPORTED FILES\MAP-SERVER.ILK
D:\ARCHIVO DE PROGRAMA\CREACION DE RAGNAROK\3CEAM R731 2012-04-10\3CEAM R731 2012-04-10\EXPORTED FILES\MAP-SERVER.PDB
D:\ARCHIVO DE PROGRAMA\CREACION DE RAGNAROK\3CEAM R731 2012-04-10\3CEAM R731 2012-04-10\EXPORTED FILES\VCPROJ-10\MAP-SERVER_TXT\DEBUG\ATCOMMAND.OBJ
D:\ARCHIVO DE PROGRAMA\CREACION DE RAGNAROK\3CEAM R731 2012-04-10\3CEAM R731 2012-04-10\EXPORTED FILES\VCPROJ-10\MAP-SERVER_TXT\DEBUG\BATTLE.OBJ
D:\ARCHIVO DE PROGRAMA\CREACION DE RAGNAROK\3CEAM R731 2012-04-10\3CEAM R731 2012-04-10\EXPORTED FILES\VCPROJ-10\MAP-SERVER_TXT\DEBUG\BATTLEGROUND.OBJ
D:\ARCHIVO DE PROGRAMA\CREACION DE RAGNAROK\3CEAM R731 2012-04-10\3CEAM R731 2012-04-10\EXPORTED FILES\VCPROJ-10\MAP-SERVER_TXT\DEBUG\BUYINGSTORE.OBJ
D:\ARCHIVO DE PROGRAMA\CREACION DE RAGNAROK\3CEAM R731 2012-04-10\3CEAM R731 2012-04-10\EXPORTED FILES\VCPROJ-10\MAP-SERVER_TXT\DEBUG\CHAT.OBJ
D:\ARCHIVO DE PROGRAMA\CREACION DE RAGNAROK\3CEAM R731 2012-04-10\3CEAM R731 2012-04-10\EXPORTED FILES\VCPROJ-10\MAP-SERVER_TXT\DEBUG\CHRIF.OBJ
D:\ARCHIVO DE PROGRAMA\CREACION DE RAGNAROK\3CEAM R731 2012-04-10\3CEAM R731 2012-04-10\EXPORTED FILES\VCPROJ-10\MAP-SERVER_TXT\DEBUG\CLIF.OBJ
D:\ARCHIVO DE PROGRAMA\CREACION DE RAGNAROK\3CEAM R731 2012-04-10\3CEAM R731 2012-04-10\EXPORTED FILES\VCPROJ-10\MAP-SERVER_TXT\DEBUG\CORE.OBJ
D:\ARCHIVO DE PROGRAMA\CREACION DE RAGNAROK\3CEAM R731 2012-04-10\3CEAM R731 2012-04-10\EXPORTED FILES\VCPROJ-10\MAP-SERVER_TXT\DEBUG\DATE.OBJ
D:\ARCHIVO DE PROGRAMA\CREACION DE RAGNAROK\3CEAM R731 2012-04-10\3CEAM R731 2012-04-10\EXPORTED FILES\VCPROJ-10\MAP-SERVER_TXT\DEBUG\DB.OBJ
D:\ARCHIVO DE PROGRAMA\CREACION DE RAGNAROK\3CEAM R731 2012-04-10\3CEAM R731 2012-04-10\EXPORTED FILES\VCPROJ-10\MAP-SERVER_TXT\DEBUG\ELEMENTAL.OBJ
D:\ARCHIVO DE PROGRAMA\CREACION DE RAGNAROK\3CEAM R731 2012-04-10\3CEAM R731 2012-04-10\EXPORTED FILES\VCPROJ-10\MAP-SERVER_TXT\DEBUG\ERS.OBJ
D:\ARCHIVO DE PROGRAMA\CREACION DE RAGNAROK\3CEAM R731 2012-04-10\3CEAM R731 2012-04-10\EXPORTED FILES\VCPROJ-10\MAP-SERVER_TXT\DEBUG\GRFIO.OBJ
D:\ARCHIVO DE PROGRAMA\CREACION DE RAGNAROK\3CEAM R731 2012-04-10\3CEAM R731 2012-04-10\EXPORTED FILES\VCPROJ-10\MAP-SERVER_TXT\DEBUG\GUILD.OBJ
D:\ARCHIVO DE PROGRAMA\CREACION DE RAGNAROK\3CEAM R731 2012-04-10\3CEAM R731 2012-04-10\EXPORTED FILES\VCPROJ-10\MAP-SERVER_TXT\DEBUG\HOMUNCULUS.OBJ
D:\ARCHIVO DE PROGRAMA\CREACION DE RAGNAROK\3CEAM R731 2012-04-10\3CEAM R731 2012-04-10\EXPORTED FILES\VCPROJ-10\MAP-SERVER_TXT\DEBUG\INSTANCE.OBJ
D:\ARCHIVO DE PROGRAMA\CREACION DE RAGNAROK\3CEAM R731 2012-04-10\3CEAM R731 2012-04-10\EXPORTED FILES\VCPROJ-10\MAP-SERVER_TXT\DEBUG\INTIF.OBJ
D:\ARCHIVO DE PROGRAMA\CREACION DE RAGNAROK\3CEAM R731 2012-04-10\3CEAM R731 2012-04-10\EXPORTED FILES\VCPROJ-10\MAP-SERVER_TXT\DEBUG\ITEMDB.OBJ
D:\ARCHIVO DE PROGRAMA\CREACION DE RAGNAROK\3CEAM R731 2012-04-10\3CEAM R731 2012-04-10\EXPORTED FILES\VCPROJ-10\MAP-SERVER_TXT\DEBUG\LOCK.OBJ
D:\ARCHIVO DE PROGRAMA\CREACION DE RAGNAROK\3CEAM R731 2012-04-10\3CEAM R731 2012-04-10\EXPORTED FILES\VCPROJ-10\MAP-SERVER_TXT\DEBUG\LOG.OBJ
D:\ARCHIVO DE PROGRAMA\CREACION DE RAGNAROK\3CEAM R731 2012-04-10\3CEAM R731 2012-04-10\EXPORTED FILES\VCPROJ-10\MAP-SERVER_TXT\DEBUG\MAIL.OBJ
D:\ARCHIVO DE PROGRAMA\CREACION DE RAGNAROK\3CEAM R731 2012-04-10\3CEAM R731 2012-04-10\EXPORTED FILES\VCPROJ-10\MAP-SERVER_TXT\DEBUG\MALLOC.OBJ
D:\ARCHIVO DE PROGRAMA\CREACION DE RAGNAROK\3CEAM R731 2012-04-10\3CEAM R731 2012-04-10\EXPORTED FILES\VCPROJ-10\MAP-SERVER_TXT\DEBUG\MAP.OBJ
D:\ARCHIVO DE PROGRAMA\CREACION DE RAGNAROK\3CEAM R731 2012-04-10\3CEAM R731 2012-04-10\EXPORTED FILES\VCPROJ-10\MAP-SERVER_TXT\DEBUG\MAPINDEX.OBJ
D:\ARCHIVO DE PROGRAMA\CREACION DE RAGNAROK\3CEAM R731 2012-04-10\3CEAM R731 2012-04-10\EXPORTED FILES\VCPROJ-10\MAP-SERVER_TXT\DEBUG\MAPREG_TXT.OBJ
D:\ARCHIVO DE PROGRAMA\CREACION DE RAGNAROK\3CEAM R731 2012-04-10\3CEAM R731 2012-04-10\EXPORTED FILES\VCPROJ-10\MAP-SERVER_TXT\DEBUG\MAP-SERVER.EXE.EMBED.MANIFEST
D:\ARCHIVO DE PROGRAMA\CREACION DE RAGNAROK\3CEAM R731 2012-04-10\3CEAM R731 2012-04-10\EXPORTED FILES\VCPROJ-10\MAP-SERVER_TXT\DEBUG\MAP-SERVER.EXE.EMBED.MANIFEST.RES
D:\ARCHIVO DE PROGRAMA\CREACION DE RAGNAROK\3CEAM R731 2012-04-10\3CEAM R731 2012-04-10\EXPORTED FILES\VCPROJ-10\MAP-SERVER_TXT\DEBUG\MAP-SERVER.EXE.INTERMEDIATE.MANIFEST
D:\ARCHIVO DE PROGRAMA\CREACION DE RAGNAROK\3CEAM R731 2012-04-10\3CEAM R731 2012-04-10\EXPORTED FILES\VCPROJ-10\MAP-SERVER_TXT\DEBUG\MD5CALC.OBJ
D:\ARCHIVO DE PROGRAMA\CREACION DE RAGNAROK\3CEAM R731 2012-04-10\3CEAM R731 2012-04-10\EXPORTED FILES\VCPROJ-10\MAP-SERVER_TXT\DEBUG\MERCENARY.OBJ
D:\ARCHIVO DE PROGRAMA\CREACION DE RAGNAROK\3CEAM R731 2012-04-10\3CEAM R731 2012-04-10\EXPORTED FILES\VCPROJ-10\MAP-SERVER_TXT\DEBUG\MOB.OBJ
D:\ARCHIVO DE PROGRAMA\CREACION DE RAGNAROK\3CEAM R731 2012-04-10\3CEAM R731 2012-04-10\EXPORTED FILES\VCPROJ-10\MAP-SERVER_TXT\DEBUG\NPC.OBJ
D:\ARCHIVO DE PROGRAMA\CREACION DE RAGNAROK\3CEAM R731 2012-04-10\3CEAM R731 2012-04-10\EXPORTED FILES\VCPROJ-10\MAP-SERVER_TXT\DEBUG\NPC_CHAT.OBJ
D:\ARCHIVO DE PROGRAMA\CREACION DE RAGNAROK\3CEAM R731 2012-04-10\3CEAM R731 2012-04-10\EXPORTED FILES\VCPROJ-10\MAP-SERVER_TXT\DEBUG\NULLPO.OBJ
D:\ARCHIVO DE PROGRAMA\CREACION DE RAGNAROK\3CEAM R731 2012-04-10\3CEAM R731 2012-04-10\EXPORTED FILES\VCPROJ-10\MAP-SERVER_TXT\DEBUG\PARTY.OBJ
D:\ARCHIVO DE PROGRAMA\CREACION DE RAGNAROK\3CEAM R731 2012-04-10\3CEAM R731 2012-04-10\EXPORTED FILES\VCPROJ-10\MAP-SERVER_TXT\DEBUG\PATH.OBJ
D:\ARCHIVO DE PROGRAMA\CREACION DE RAGNAROK\3CEAM R731 2012-04-10\3CEAM R731 2012-04-10\EXPORTED FILES\VCPROJ-10\MAP-SERVER_TXT\DEBUG\PC.OBJ
D:\ARCHIVO DE PROGRAMA\CREACION DE RAGNAROK\3CEAM R731 2012-04-10\3CEAM R731 2012-04-10\EXPORTED FILES\VCPROJ-10\MAP-SERVER_TXT\DEBUG\PET.OBJ
D:\ARCHIVO DE PROGRAMA\CREACION DE RAGNAROK\3CEAM R731 2012-04-10\3CEAM R731 2012-04-10\EXPORTED FILES\VCPROJ-10\MAP-SERVER_TXT\DEBUG\PLUGINS.OBJ
D:\ARCHIVO DE PROGRAMA\CREACION DE RAGNAROK\3CEAM R731 2012-04-10\3CEAM R731 2012-04-10\EXPORTED FILES\VCPROJ-10\MAP-SERVER_TXT\DEBUG\QUEST.OBJ
D:\ARCHIVO DE PROGRAMA\CREACION DE RAGNAROK\3CEAM R731 2012-04-10\3CEAM R731 2012-04-10\EXPORTED FILES\VCPROJ-10\MAP-SERVER_TXT\DEBUG\SCRIPT.OBJ
D:\ARCHIVO DE PROGRAMA\CREACION DE RAGNAROK\3CEAM R731 2012-04-10\3CEAM R731 2012-04-10\EXPORTED FILES\VCPROJ-10\MAP-SERVER_TXT\DEBUG\SEARCHSTORE.OBJ
D:\ARCHIVO DE PROGRAMA\CREACION DE RAGNAROK\3CEAM R731 2012-04-10\3CEAM R731 2012-04-10\EXPORTED FILES\VCPROJ-10\MAP-SERVER_TXT\DEBUG\SHOWMSG.OBJ
D:\ARCHIVO DE PROGRAMA\CREACION DE RAGNAROK\3CEAM R731 2012-04-10\3CEAM R731 2012-04-10\EXPORTED FILES\VCPROJ-10\MAP-SERVER_TXT\DEBUG\SKILL.OBJ
D:\ARCHIVO DE PROGRAMA\CREACION DE RAGNAROK\3CEAM R731 2012-04-10\3CEAM R731 2012-04-10\EXPORTED FILES\VCPROJ-10\MAP-SERVER_TXT\DEBUG\SOCKET.OBJ
D:\ARCHIVO DE PROGRAMA\CREACION DE RAGNAROK\3CEAM R731 2012-04-10\3CEAM R731 2012-04-10\EXPORTED FILES\VCPROJ-10\MAP-SERVER_TXT\DEBUG\STATUS.OBJ
D:\ARCHIVO DE PROGRAMA\CREACION DE RAGNAROK\3CEAM R731 2012-04-10\3CEAM R731 2012-04-10\EXPORTED FILES\VCPROJ-10\MAP-SERVER_TXT\DEBUG\STORAGE.OBJ
D:\ARCHIVO DE PROGRAMA\CREACION DE RAGNAROK\3CEAM R731 2012-04-10\3CEAM R731 2012-04-10\EXPORTED FILES\VCPROJ-10\MAP-SERVER_TXT\DEBUG\STRLIB.OBJ
D:\ARCHIVO DE PROGRAMA\CREACION DE RAGNAROK\3CEAM R731 2012-04-10\3CEAM R731 2012-04-10\EXPORTED FILES\VCPROJ-10\MAP-SERVER_TXT\DEBUG\TIMER.OBJ
D:\ARCHIVO DE PROGRAMA\CREACION DE RAGNAROK\3CEAM R731 2012-04-10\3CEAM R731 2012-04-10\EXPORTED FILES\VCPROJ-10\MAP-SERVER_TXT\DEBUG\TRADE.OBJ
D:\ARCHIVO DE PROGRAMA\CREACION DE RAGNAROK\3CEAM R731 2012-04-10\3CEAM R731 2012-04-10\EXPORTED FILES\VCPROJ-10\MAP-SERVER_TXT\DEBUG\UNIT.OBJ
D:\ARCHIVO DE PROGRAMA\CREACION DE RAGNAROK\3CEAM R731 2012-04-10\3CEAM R731 2012-04-10\EXPORTED FILES\VCPROJ-10\MAP-SERVER_TXT\DEBUG\UTILS.OBJ
D:\ARCHIVO DE PROGRAMA\CREACION DE RAGNAROK\3CEAM R731 2012-04-10\3CEAM R731 2012-04-10\EXPORTED FILES\VCPROJ-10\MAP-SERVER_TXT\DEBUG\VC100.PDB
D:\ARCHIVO DE PROGRAMA\CREACION DE RAGNAROK\3CEAM R731 2012-04-10\3CEAM R731 2012-04-10\EXPORTED FILES\VCPROJ-10\MAP-SERVER_TXT\DEBUG\VENDING.OBJ
